2024-02-28 13:54:54,764 [Worker-0: Loading available Gradle versions] INFO  o.e.b.c.i.u.g.PublishedGradleVersions - Gradle version information cache is out-of-date. Trying to update.
2024-02-28 13:54:55,156 [Worker-0: Loading available Gradle versions] INFO  o.e.b.c.i.u.g.PublishedGradleVersions - Updating Gradle version information cache failed. Using outdated cache.
2024-02-29 10:25:09,681 [Worker-0: Loading available Gradle versions] INFO  o.e.b.c.i.u.g.PublishedGradleVersions - Gradle version information cache is out-of-date. Trying to update.
2024-02-29 10:25:10,129 [Worker-0: Loading available Gradle versions] INFO  o.e.b.c.i.u.g.PublishedGradleVersions - Updating Gradle version information cache failed. Using outdated cache.
2024-03-07 10:47:15,225 [Worker-3: Loading available Gradle versions] INFO  o.e.b.c.i.u.g.PublishedGradleVersions - Gradle version information cache is out-of-date. Trying to update.
2024-03-07 10:47:15,796 [Worker-3: Loading available Gradle versions] INFO  o.e.b.c.i.u.g.PublishedGradleVersions - Updating Gradle version information cache failed. Using outdated cache.
2024-03-07 10:54:56,565 [Worker-10: Creating project "MavenProject"] INFO  o.e.m.c.i.e.AbstractTransferListenerAdapter - Downloaded https://repo.maven.apache.org/maven2/org/apache/maven/plugins/maven-clean-plugin/2.5/maven-clean-plugin-2.5.jar
2024-03-07 10:54:57,251 [Worker-10: Creating project "MavenProject"] INFO  o.e.m.c.i.e.AbstractTransferListenerAdapter - Downloaded https://repo.maven.apache.org/maven2/org/apache/maven/plugins/maven-resources-plugin/2.6/maven-resources-plugin-2.6.jar
2024-03-07 10:54:57,944 [Worker-10: Creating project "MavenProject"] INFO  o.e.m.c.i.e.AbstractTransferListenerAdapter - Downloaded https://repo.maven.apache.org/maven2/org/apache/maven/plugins/maven-compiler-plugin/3.1/maven-compiler-plugin-3.1.jar
2024-03-07 10:54:58,594 [Worker-10: Creating project "MavenProject"] INFO  o.e.m.c.i.e.AbstractTransferListenerAdapter - Downloaded https://repo.maven.apache.org/maven2/org/apache/maven/plugins/maven-surefire-plugin/2.12.4/maven-surefire-plugin-2.12.4.jar
2024-03-07 10:55:06,204 [Worker-10: Creating project "MavenProject"] INFO  o.e.m.c.i.e.AbstractTransferListenerAdapter - Downloaded https://repo.maven.apache.org/maven2/org/apache/maven/plugins/maven-jar-plugin/2.4/maven-jar-plugin-2.4.jar
2024-03-07 10:55:06,873 [Worker-10: Creating project "MavenProject"] INFO  o.e.m.c.i.e.AbstractTransferListenerAdapter - Downloaded https://repo.maven.apache.org/maven2/org/apache/maven/plugins/maven-install-plugin/2.4/maven-install-plugin-2.4.jar
2024-03-07 10:55:07,560 [Worker-10: Creating project "MavenProject"] INFO  o.e.m.c.i.e.AbstractTransferListenerAdapter - Downloaded https://repo.maven.apache.org/maven2/org/apache/maven/plugins/maven-deploy-plugin/2.7/maven-deploy-plugin-2.7.jar
2024-03-07 10:55:08,294 [Worker-10: Creating project "MavenProject"] INFO  o.e.m.c.i.e.AbstractTransferListenerAdapter - Downloaded https://repo.maven.apache.org/maven2/org/apache/maven/plugins/maven-site-plugin/3.3/maven-site-plugin-3.3.jar
2024-03-07 10:55:08,442 [Worker-10: Creating project "MavenProject"] INFO  o.e.m.c.i.l.LifecycleMappingFactory - Using org.eclipse.m2e.jdt.JarLifecycleMapping lifecycle mapping for MavenProject: com.voya.dist:MavenProject:0.0.1-SNAPSHOT @ C:\Users\m.sandhya\training\javademos\MavenProject\pom.xml.
2024-03-07 14:52:44,840 [Worker-25: Updating Maven Project] INFO  o.e.m.c.i.p.ProjectConfigurationManager - Update started
2024-03-07 14:52:45,989 [Worker-25: Updating Maven Project] INFO  o.e.m.c.i.l.LifecycleMappingFactory - Using org.eclipse.m2e.jdt.JarLifecycleMapping lifecycle mapping for MavenProject: com.voya.dist:MavenProject:0.0.1-SNAPSHOT @ C:\Users\m.sandhya\training\javademos\MavenProject\pom.xml.
2024-03-07 14:52:46,340 [Worker-25: Updating Maven Project] INFO  o.e.m.j.i.AbstractJavaProjectConfigurator - Adding source folder /MavenProject/src/main/java
2024-03-07 14:52:46,341 [Worker-25: Updating Maven Project] INFO  o.e.m.j.i.AbstractJavaProjectConfigurator - Adding resource folder /MavenProject/src/main/resources
2024-03-07 14:52:46,343 [Worker-25: Updating Maven Project] INFO  o.e.m.j.i.AbstractJavaProjectConfigurator - Adding source folder /MavenProject/src/test/java
2024-03-07 14:52:46,343 [Worker-25: Updating Maven Project] INFO  o.e.m.j.i.AbstractJavaProjectConfigurator - Adding resource folder /MavenProject/src/test/resources
2024-03-07 14:52:46,924 [Worker-25: Updating Maven Project] INFO  o.e.m.c.i.p.ProjectConfigurationManager - Update completed: 2 sec
2024-03-07 14:52:47,119 [Worker-25: Building] WARN  o.e.m.c.i.embedder.EclipseLogger - Using platform encoding (Cp1252 actually) to copy filtered resources, i.e. build is platform dependent!
2024-03-07 14:52:47,138 [Worker-25: Building] INFO  o.e.m.c.i.embedder.EclipseLogger - Copying 0 resource
2024-03-07 14:52:47,140 [Worker-25: Building] WARN  o.e.m.c.i.embedder.EclipseLogger - Using platform encoding (Cp1252 actually) to copy filtered resources, i.e. build is platform dependent!
2024-03-07 14:52:47,144 [Worker-25: Building] INFO  o.e.m.c.i.embedder.EclipseLogger - Copying 0 resource
2024-03-11 10:46:17,370 [Worker-370: Creating project "JUnitDemos"] INFO  o.e.m.c.i.l.LifecycleMappingFactory - Using org.eclipse.m2e.jdt.JarLifecycleMapping lifecycle mapping for MavenProject: com.voya.dist:JUnitDemos:0.0.1-SNAPSHOT @ C:\Users\m.sandhya\training\javademos\JUnitDemos\pom.xml.
2024-03-11 10:46:17,872 [Worker-370: Creating project "JUnitDemos"] INFO  o.e.m.j.i.AbstractJavaProjectConfigurator - Adding source folder /JUnitDemos/src/main/java
2024-03-11 10:46:17,873 [Worker-370: Creating project "JUnitDemos"] INFO  o.e.m.j.i.AbstractJavaProjectConfigurator - Adding resource folder /JUnitDemos/src/main/resources
2024-03-11 10:46:17,873 [Worker-370: Creating project "JUnitDemos"] INFO  o.e.m.j.i.AbstractJavaProjectConfigurator - Adding source folder /JUnitDemos/src/test/java
2024-03-11 10:46:17,874 [Worker-370: Creating project "JUnitDemos"] INFO  o.e.m.j.i.AbstractJavaProjectConfigurator - Adding resource folder /JUnitDemos/src/test/resources
2024-03-11 10:46:19,873 [Worker-363: Building] WARN  o.e.m.c.i.embedder.EclipseLogger - Using platform encoding (Cp1252 actually) to copy filtered resources, i.e. build is platform dependent!
2024-03-11 10:46:19,978 [Worker-363: Building] INFO  o.e.m.c.i.embedder.EclipseLogger - Copying 0 resource
2024-03-11 10:46:19,980 [Worker-363: Building] WARN  o.e.m.c.i.embedder.EclipseLogger - Using platform encoding (Cp1252 actually) to copy filtered resources, i.e. build is platform dependent!
2024-03-11 10:46:19,984 [Worker-363: Building] INFO  o.e.m.c.i.embedder.EclipseLogger - Copying 0 resource
2024-03-11 10:49:23,864 [Worker-372: Updating Maven Project] INFO  o.e.m.c.i.p.ProjectConfigurationManager - Update started
2024-03-11 10:49:23,952 [Worker-372: Updating Maven Project] INFO  o.e.m.c.i.l.LifecycleMappingFactory - Using org.eclipse.m2e.jdt.JarLifecycleMapping lifecycle mapping for MavenProject: com.voya.dist:JUnitDemos:0.0.1-SNAPSHOT @ C:\Users\m.sandhya\training\javademos\JUnitDemos\pom.xml.
2024-03-11 10:49:24,167 [Worker-372: Updating Maven Project] INFO  o.e.m.j.i.AbstractJavaProjectConfigurator - Adding source folder /JUnitDemos/src/main/java
2024-03-11 10:49:24,168 [Worker-372: Updating Maven Project] INFO  o.e.m.j.i.AbstractJavaProjectConfigurator - Adding resource folder /JUnitDemos/src/main/resources
2024-03-11 10:49:24,168 [Worker-372: Updating Maven Project] INFO  o.e.m.j.i.AbstractJavaProjectConfigurator - Adding source folder /JUnitDemos/src/test/java
2024-03-11 10:49:24,169 [Worker-372: Updating Maven Project] INFO  o.e.m.j.i.AbstractJavaProjectConfigurator - Adding resource folder /JUnitDemos/src/test/resources
2024-03-11 10:49:24,264 [Worker-372: Updating Maven Project] INFO  o.e.m.c.i.p.ProjectConfigurationManager - Update completed: 0 sec
2024-03-11 10:49:24,434 [Worker-372: Building] WARN  o.e.m.c.i.embedder.EclipseLogger - Using platform encoding (Cp1252 actually) to copy filtered resources, i.e. build is platform dependent!
2024-03-11 10:49:24,438 [Worker-372: Building] INFO  o.e.m.c.i.embedder.EclipseLogger - Copying 0 resource
2024-03-11 10:49:24,440 [Worker-372: Building] WARN  o.e.m.c.i.embedder.EclipseLogger - Using platform encoding (Cp1252 actually) to copy filtered resources, i.e. build is platform dependent!
2024-03-11 10:49:24,443 [Worker-372: Building] INFO  o.e.m.c.i.embedder.EclipseLogger - Copying 0 resource
2024-03-11 10:51:22,967 [Worker-373: Building] INFO  o.e.m.c.i.l.LifecycleMappingFactory - Using org.eclipse.m2e.jdt.JarLifecycleMapping lifecycle mapping for MavenProject: com.voya.dist:JUnitDemos:0.0.1-SNAPSHOT @ C:\Users\m.sandhya\training\javademos\JUnitDemos\pom.xml.
2024-03-11 10:51:23,249 [Worker-373: Building] WARN  o.e.m.c.i.embedder.EclipseLogger - Using platform encoding (Cp1252 actually) to copy filtered resources, i.e. build is platform dependent!
2024-03-11 10:51:23,300 [Worker-373: Building] INFO  o.e.m.c.i.embedder.EclipseLogger - Copying 0 resource
2024-03-11 10:51:23,302 [Worker-373: Building] WARN  o.e.m.c.i.embedder.EclipseLogger - Using platform encoding (Cp1252 actually) to copy filtered resources, i.e. build is platform dependent!
2024-03-11 10:51:23,306 [Worker-373: Building] INFO  o.e.m.c.i.embedder.EclipseLogger - Copying 0 resource
2024-03-11 10:51:24,436 [Worker-360: Download sources and javadoc] INFO  o.e.m.c.i.e.AbstractTransferListenerAdapter - Downloading https://repo.maven.apache.org/maven2/org/junit/jupiter/junit-jupiter-api/5.7.0/junit-jupiter-api-5.7.0-sources.jar
2024-03-11 10:51:24,538 [Worker-363: Building] WARN  o.e.m.c.i.embedder.EclipseLogger - Using platform encoding (Cp1252 actually) to copy filtered resources, i.e. build is platform dependent!
2024-03-11 10:51:24,606 [Worker-363: Building] INFO  o.e.m.c.i.embedder.EclipseLogger - Copying 0 resource
2024-03-11 10:51:24,606 [Worker-363: Building] WARN  o.e.m.c.i.embedder.EclipseLogger - Using platform encoding (Cp1252 actually) to copy filtered resources, i.e. build is platform dependent!
2024-03-11 10:51:24,610 [Worker-363: Building] INFO  o.e.m.c.i.embedder.EclipseLogger - Copying 0 resource
2024-03-11 10:51:24,649 [Worker-360: Download sources and javadoc] INFO  o.e.m.c.i.e.AbstractTransferListenerAdapter - Downloaded https://repo.maven.apache.org/maven2/org/junit/jupiter/junit-jupiter-api/5.7.0/junit-jupiter-api-5.7.0-sources.jar
2024-03-11 10:51:24,741 [Worker-360: Download sources and javadoc] INFO  o.e.m.j.internal.DownloadSourcesJob - Downloaded sources for org.junit.jupiter:junit-jupiter-api:5.7.0
2024-03-11 10:51:24,854 [Worker-360: Download sources and javadoc] INFO  o.e.m.c.i.e.AbstractTransferListenerAdapter - Downloading https://repo.maven.apache.org/maven2/org/apiguardian/apiguardian-api/1.1.0/apiguardian-api-1.1.0-sources.jar
2024-03-11 10:51:24,912 [Worker-360: Download sources and javadoc] INFO  o.e.m.c.i.e.AbstractTransferListenerAdapter - Downloaded https://repo.maven.apache.org/maven2/org/apiguardian/apiguardian-api/1.1.0/apiguardian-api-1.1.0-sources.jar
2024-03-11 10:51:24,920 [Worker-360: Download sources and javadoc] INFO  o.e.m.j.internal.DownloadSourcesJob - Downloaded sources for org.apiguardian:apiguardian-api:1.1.0
2024-03-11 10:51:25,020 [Worker-360: Download sources and javadoc] INFO  o.e.m.c.i.e.AbstractTransferListenerAdapter - Downloading https://repo.maven.apache.org/maven2/org/opentest4j/opentest4j/1.2.0/opentest4j-1.2.0-sources.jar
2024-03-11 10:51:25,052 [Worker-360: Download sources and javadoc] INFO  o.e.m.c.i.e.AbstractTransferListenerAdapter - Downloaded https://repo.maven.apache.org/maven2/org/opentest4j/opentest4j/1.2.0/opentest4j-1.2.0-sources.jar
2024-03-11 10:51:25,059 [Worker-360: Download sources and javadoc] INFO  o.e.m.j.internal.DownloadSourcesJob - Downloaded sources for org.opentest4j:opentest4j:1.2.0
2024-03-11 10:51:25,202 [Worker-360: Download sources and javadoc] INFO  o.e.m.c.i.e.AbstractTransferListenerAdapter - Downloading https://repo.maven.apache.org/maven2/org/junit/platform/junit-platform-commons/1.7.0/junit-platform-commons-1.7.0-sources.jar
2024-03-11 10:51:25,255 [Worker-360: Download sources and javadoc] INFO  o.e.m.c.i.e.AbstractTransferListenerAdapter - Downloaded https://repo.maven.apache.org/maven2/org/junit/platform/junit-platform-commons/1.7.0/junit-platform-commons-1.7.0-sources.jar
2024-03-11 10:51:25,263 [Worker-360: Download sources and javadoc] INFO  o.e.m.j.internal.DownloadSourcesJob - Downloaded sources for org.junit.platform:junit-platform-commons:1.7.0
2024-03-11 10:51:25,363 [Worker-360: Download sources and javadoc] INFO  o.e.m.c.i.e.AbstractTransferListenerAdapter - Downloading https://repo.maven.apache.org/maven2/org/junit/jupiter/junit-jupiter-engine/5.7.0/junit-jupiter-engine-5.7.0-sources.jar
2024-03-11 10:51:25,424 [Worker-360: Download sources and javadoc] INFO  o.e.m.c.i.e.AbstractTransferListenerAdapter - Downloaded https://repo.maven.apache.org/maven2/org/junit/jupiter/junit-jupiter-engine/5.7.0/junit-jupiter-engine-5.7.0-sources.jar
2024-03-11 10:51:25,431 [Worker-360: Download sources and javadoc] INFO  o.e.m.j.internal.DownloadSourcesJob - Downloaded sources for org.junit.jupiter:junit-jupiter-engine:5.7.0
2024-03-11 10:51:25,532 [Worker-360: Download sources and javadoc] INFO  o.e.m.c.i.e.AbstractTransferListenerAdapter - Downloading https://repo.maven.apache.org/maven2/org/junit/platform/junit-platform-engine/1.7.0/junit-platform-engine-1.7.0-sources.jar
2024-03-11 10:51:25,595 [Worker-360: Download sources and javadoc] INFO  o.e.m.c.i.e.AbstractTransferListenerAdapter - Downloaded https://repo.maven.apache.org/maven2/org/junit/platform/junit-platform-engine/1.7.0/junit-platform-engine-1.7.0-sources.jar
2024-03-11 10:51:25,604 [Worker-360: Download sources and javadoc] INFO  o.e.m.j.internal.DownloadSourcesJob - Downloaded sources for org.junit.platform:junit-platform-engine:1.7.0
2024-03-11 10:51:25,706 [Worker-360: Download sources and javadoc] INFO  o.e.m.c.i.e.AbstractTransferListenerAdapter - Downloading https://repo.maven.apache.org/maven2/org/junit/platform/junit-platform-runner/1.7.0/junit-platform-runner-1.7.0-sources.jar
2024-03-11 10:51:25,736 [Worker-360: Download sources and javadoc] INFO  o.e.m.c.i.e.AbstractTransferListenerAdapter - Downloaded https://repo.maven.apache.org/maven2/org/junit/platform/junit-platform-runner/1.7.0/junit-platform-runner-1.7.0-sources.jar
2024-03-11 10:51:25,744 [Worker-360: Download sources and javadoc] INFO  o.e.m.j.internal.DownloadSourcesJob - Downloaded sources for org.junit.platform:junit-platform-runner:1.7.0
2024-03-11 10:51:25,844 [Worker-360: Download sources and javadoc] INFO  o.e.m.c.i.e.AbstractTransferListenerAdapter - Downloading https://repo.maven.apache.org/maven2/junit/junit/4.13/junit-4.13-sources.jar
2024-03-11 10:51:25,927 [Worker-360: Download sources and javadoc] INFO  o.e.m.c.i.e.AbstractTransferListenerAdapter - Downloaded https://repo.maven.apache.org/maven2/junit/junit/4.13/junit-4.13-sources.jar
2024-03-11 10:51:25,935 [Worker-360: Download sources and javadoc] INFO  o.e.m.j.internal.DownloadSourcesJob - Downloaded sources for junit:junit:4.13
2024-03-11 10:51:26,034 [Worker-360: Download sources and javadoc] INFO  o.e.m.c.i.e.AbstractTransferListenerAdapter - Downloading https://repo.maven.apache.org/maven2/org/hamcrest/hamcrest-core/1.3/hamcrest-core-1.3-sources.jar
2024-03-11 10:51:26,075 [Worker-360: Download sources and javadoc] INFO  o.e.m.c.i.e.AbstractTransferListenerAdapter - Downloaded https://repo.maven.apache.org/maven2/org/hamcrest/hamcrest-core/1.3/hamcrest-core-1.3-sources.jar
2024-03-11 10:51:26,082 [Worker-360: Download sources and javadoc] INFO  o.e.m.j.internal.DownloadSourcesJob - Downloaded sources for org.hamcrest:hamcrest-core:1.3
2024-03-11 10:51:26,183 [Worker-360: Download sources and javadoc] INFO  o.e.m.c.i.e.AbstractTransferListenerAdapter - Downloading https://repo.maven.apache.org/maven2/org/junit/platform/junit-platform-launcher/1.7.0/junit-platform-launcher-1.7.0-sources.jar
2024-03-11 10:51:26,231 [Worker-360: Download sources and javadoc] INFO  o.e.m.c.i.e.AbstractTransferListenerAdapter - Downloaded https://repo.maven.apache.org/maven2/org/junit/platform/junit-platform-launcher/1.7.0/junit-platform-launcher-1.7.0-sources.jar
2024-03-11 10:51:26,239 [Worker-360: Download sources and javadoc] INFO  o.e.m.j.internal.DownloadSourcesJob - Downloaded sources for org.junit.platform:junit-platform-launcher:1.7.0
2024-03-11 10:51:26,340 [Worker-360: Download sources and javadoc] INFO  o.e.m.c.i.e.AbstractTransferListenerAdapter - Downloading https://repo.maven.apache.org/maven2/org/junit/platform/junit-platform-suite-api/1.7.0/junit-platform-suite-api-1.7.0-sources.jar
2024-03-11 10:51:26,380 [Worker-360: Download sources and javadoc] INFO  o.e.m.c.i.e.AbstractTransferListenerAdapter - Downloaded https://repo.maven.apache.org/maven2/org/junit/platform/junit-platform-suite-api/1.7.0/junit-platform-suite-api-1.7.0-sources.jar
2024-03-11 10:51:26,387 [Worker-360: Download sources and javadoc] INFO  o.e.m.j.internal.DownloadSourcesJob - Downloaded sources for org.junit.platform:junit-platform-suite-api:1.7.0
2024-03-11 10:51:26,558 [Worker-363: Building] WARN  o.e.m.c.i.embedder.EclipseLogger - Using platform encoding (Cp1252 actually) to copy filtered resources, i.e. build is platform dependent!
2024-03-11 10:51:26,562 [Worker-363: Building] INFO  o.e.m.c.i.embedder.EclipseLogger - Copying 0 resource
2024-03-11 10:51:26,563 [Worker-363: Building] WARN  o.e.m.c.i.embedder.EclipseLogger - Using platform encoding (Cp1252 actually) to copy filtered resources, i.e. build is platform dependent!
2024-03-11 10:51:26,566 [Worker-363: Building] INFO  o.e.m.c.i.embedder.EclipseLogger - Copying 0 resource
2024-03-11 10:52:12,746 [Worker-370: Updating Maven Project] INFO  o.e.m.c.i.p.ProjectConfigurationManager - Update started
2024-03-11 10:52:15,229 [Worker-370: Updating Maven Project] INFO  o.e.m.c.i.l.LifecycleMappingFactory - Using org.eclipse.m2e.jdt.JarLifecycleMapping lifecycle mapping for MavenProject: com.voya.dist:MavenProject:0.0.1-SNAPSHOT @ C:\Users\m.sandhya\training\javademos\MavenProject\pom.xml.
2024-03-11 10:52:15,266 [Worker-370: Updating Maven Project] INFO  o.e.m.c.i.l.LifecycleMappingFactory - Using org.eclipse.m2e.jdt.JarLifecycleMapping lifecycle mapping for MavenProject: com.voya.dist:JUnitDemos:0.0.1-SNAPSHOT @ C:\Users\m.sandhya\training\javademos\JUnitDemos\pom.xml.
2024-03-11 10:52:15,823 [Worker-370: Updating Maven Project] INFO  o.e.m.j.i.AbstractJavaProjectConfigurator - Adding source folder /JUnitDemos/src/main/java
2024-03-11 10:52:15,823 [Worker-370: Updating Maven Project] INFO  o.e.m.j.i.AbstractJavaProjectConfigurator - Adding resource folder /JUnitDemos/src/main/resources
2024-03-11 10:52:15,824 [Worker-370: Updating Maven Project] INFO  o.e.m.j.i.AbstractJavaProjectConfigurator - Adding source folder /JUnitDemos/src/test/java
2024-03-11 10:52:15,824 [Worker-370: Updating Maven Project] INFO  o.e.m.j.i.AbstractJavaProjectConfigurator - Adding resource folder /JUnitDemos/src/test/resources
2024-03-11 10:52:15,901 [Worker-370: Updating Maven Project] INFO  o.e.m.j.i.AbstractJavaProjectConfigurator - Adding source folder /MavenProject/src/main/java
2024-03-11 10:52:15,901 [Worker-370: Updating Maven Project] INFO  o.e.m.j.i.AbstractJavaProjectConfigurator - Adding resource folder /MavenProject/src/main/resources
2024-03-11 10:52:15,902 [Worker-370: Updating Maven Project] INFO  o.e.m.j.i.AbstractJavaProjectConfigurator - Adding source folder /MavenProject/src/test/java
2024-03-11 10:52:15,902 [Worker-370: Updating Maven Project] INFO  o.e.m.j.i.AbstractJavaProjectConfigurator - Adding resource folder /MavenProject/src/test/resources
2024-03-11 10:52:15,999 [Worker-370: Updating Maven Project] INFO  o.e.m.c.i.p.ProjectConfigurationManager - Update completed: 3 sec
2024-03-11 10:52:16,189 [Worker-360: Building] WARN  o.e.m.c.i.embedder.EclipseLogger - Using platform encoding (Cp1252 actually) to copy filtered resources, i.e. build is platform dependent!
2024-03-11 10:52:16,193 [Worker-360: Building] INFO  o.e.m.c.i.embedder.EclipseLogger - Copying 0 resource
2024-03-11 10:52:16,194 [Worker-360: Building] WARN  o.e.m.c.i.embedder.EclipseLogger - Using platform encoding (Cp1252 actually) to copy filtered resources, i.e. build is platform dependent!
2024-03-11 10:52:16,197 [Worker-360: Building] INFO  o.e.m.c.i.embedder.EclipseLogger - Copying 0 resource
2024-03-11 10:52:16,651 [Worker-360: Building] WARN  o.e.m.c.i.embedder.EclipseLogger - Using platform encoding (Cp1252 actually) to copy filtered resources, i.e. build is platform dependent!
2024-03-11 10:52:16,655 [Worker-360: Building] INFO  o.e.m.c.i.embedder.EclipseLogger - Copying 0 resource
2024-03-11 10:52:16,656 [Worker-360: Building] WARN  o.e.m.c.i.embedder.EclipseLogger - Using platform encoding (Cp1252 actually) to copy filtered resources, i.e. build is platform dependent!
2024-03-11 10:52:16,659 [Worker-360: Building] INFO  o.e.m.c.i.embedder.EclipseLogger - Copying 0 resource
2024-03-11 10:55:45,841 [Worker-370: Building] WARN  o.e.m.c.i.embedder.EclipseLogger - Using platform encoding (Cp1252 actually) to copy filtered resources, i.e. build is platform dependent!
2024-03-11 10:55:45,847 [Worker-370: Building] INFO  o.e.m.c.i.embedder.EclipseLogger - Copying 0 resource
2024-03-11 10:55:45,848 [Worker-370: Building] WARN  o.e.m.c.i.embedder.EclipseLogger - Using platform encoding (Cp1252 actually) to copy filtered resources, i.e. build is platform dependent!
2024-03-11 10:55:45,852 [Worker-370: Building] INFO  o.e.m.c.i.embedder.EclipseLogger - Copying 0 resource
2024-03-11 10:58:09,968 [Worker-374: Building] WARN  o.e.m.c.i.embedder.EclipseLogger - Using platform encoding (Cp1252 actually) to copy filtered resources, i.e. build is platform dependent!
2024-03-11 10:58:09,973 [Worker-374: Building] INFO  o.e.m.c.i.embedder.EclipseLogger - Copying 0 resource
2024-03-11 10:58:09,975 [Worker-374: Building] WARN  o.e.m.c.i.embedder.EclipseLogger - Using platform encoding (Cp1252 actually) to copy filtered resources, i.e. build is platform dependent!
2024-03-11 10:58:09,979 [Worker-374: Building] INFO  o.e.m.c.i.embedder.EclipseLogger - Copying 0 resource
2024-03-11 11:03:50,234 [Worker-375: Building] WARN  o.e.m.c.i.embedder.EclipseLogger - Using platform encoding (Cp1252 actually) to copy filtered resources, i.e. build is platform dependent!
2024-03-11 11:03:50,238 [Worker-375: Building] INFO  o.e.m.c.i.embedder.EclipseLogger - Copying 0 resource
2024-03-11 11:03:50,239 [Worker-375: Building] WARN  o.e.m.c.i.embedder.EclipseLogger - Using platform encoding (Cp1252 actually) to copy filtered resources, i.e. build is platform dependent!
2024-03-11 11:03:50,243 [Worker-375: Building] INFO  o.e.m.c.i.embedder.EclipseLogger - Copying 0 resource
2024-03-11 11:04:23,809 [Worker-374: Building] WARN  o.e.m.c.i.embedder.EclipseLogger - Using platform encoding (Cp1252 actually) to copy filtered resources, i.e. build is platform dependent!
2024-03-11 11:04:23,814 [Worker-374: Building] INFO  o.e.m.c.i.embedder.EclipseLogger - Copying 0 resource
2024-03-11 11:04:23,815 [Worker-374: Building] WARN  o.e.m.c.i.embedder.EclipseLogger - Using platform encoding (Cp1252 actually) to copy filtered resources, i.e. build is platform dependent!
2024-03-11 11:04:23,821 [Worker-374: Building] INFO  o.e.m.c.i.embedder.EclipseLogger - Copying 0 resource
2024-03-11 11:04:39,689 [Worker-375: Building] WARN  o.e.m.c.i.embedder.EclipseLogger - Using platform encoding (Cp1252 actually) to copy filtered resources, i.e. build is platform dependent!
2024-03-11 11:04:39,693 [Worker-375: Building] INFO  o.e.m.c.i.embedder.EclipseLogger - Copying 0 resource
2024-03-11 11:04:39,694 [Worker-375: Building] WARN  o.e.m.c.i.embedder.EclipseLogger - Using platform encoding (Cp1252 actually) to copy filtered resources, i.e. build is platform dependent!
2024-03-11 11:04:39,698 [Worker-375: Building] INFO  o.e.m.c.i.embedder.EclipseLogger - Copying 0 resource
2024-03-11 11:04:41,196 [Worker-373: Building] WARN  o.e.m.c.i.embedder.EclipseLogger - Using platform encoding (Cp1252 actually) to copy filtered resources, i.e. build is platform dependent!
2024-03-11 11:04:41,199 [Worker-373: Building] INFO  o.e.m.c.i.embedder.EclipseLogger - Copying 0 resource
2024-03-11 11:04:41,201 [Worker-373: Building] WARN  o.e.m.c.i.embedder.EclipseLogger - Using platform encoding (Cp1252 actually) to copy filtered resources, i.e. build is platform dependent!
2024-03-11 11:04:41,204 [Worker-373: Building] INFO  o.e.m.c.i.embedder.EclipseLogger - Copying 0 resource
2024-03-11 11:06:12,534 [Worker-0: Loading available Gradle versions] INFO  o.e.b.c.i.u.g.PublishedGradleVersions - Gradle version information cache is out-of-date. Trying to update.
2024-03-11 11:06:13,479 [Worker-0: Loading available Gradle versions] INFO  o.e.b.c.i.u.g.PublishedGradleVersions - Updating Gradle version information cache failed. Using outdated cache.
2024-03-11 11:06:16,273 [Worker-4: Building] WARN  o.e.m.c.i.embedder.EclipseLogger - Using platform encoding (Cp1252 actually) to copy filtered resources, i.e. build is platform dependent!
2024-03-11 11:06:16,280 [Worker-4: Building] INFO  o.e.m.c.i.embedder.EclipseLogger - Copying 0 resource
2024-03-11 11:06:16,284 [Worker-4: Building] WARN  o.e.m.c.i.embedder.EclipseLogger - Using platform encoding (Cp1252 actually) to copy filtered resources, i.e. build is platform dependent!
2024-03-11 11:06:16,287 [Worker-4: Building] INFO  o.e.m.c.i.embedder.EclipseLogger - Copying 0 resource
2024-03-11 11:06:16,968 [Worker-4: Building] WARN  o.e.m.c.i.embedder.EclipseLogger - Using platform encoding (Cp1252 actually) to copy filtered resources, i.e. build is platform dependent!
2024-03-11 11:06:16,972 [Worker-4: Building] INFO  o.e.m.c.i.embedder.EclipseLogger - Copying 0 resource
2024-03-11 11:06:16,974 [Worker-4: Building] WARN  o.e.m.c.i.embedder.EclipseLogger - Using platform encoding (Cp1252 actually) to copy filtered resources, i.e. build is platform dependent!
2024-03-11 11:06:16,977 [Worker-4: Building] INFO  o.e.m.c.i.embedder.EclipseLogger - Copying 0 resource
2024-03-11 11:06:52,195 [Worker-14: Updating Maven Project] INFO  o.e.m.c.i.p.ProjectConfigurationManager - Update started
2024-03-11 11:06:52,795 [Worker-14: Updating Maven Project] INFO  o.e.m.c.i.l.LifecycleMappingFactory - Using org.eclipse.m2e.jdt.JarLifecycleMapping lifecycle mapping for MavenProject: com.voya.dist:MavenProject:0.0.1-SNAPSHOT @ C:\Users\m.sandhya\training\javademos\MavenProject\pom.xml.
2024-03-11 11:06:52,839 [Worker-14: Updating Maven Project] INFO  o.e.m.c.i.l.LifecycleMappingFactory - Using org.eclipse.m2e.jdt.JarLifecycleMapping lifecycle mapping for MavenProject: com.voya.dist:JUnitDemos:0.0.1-SNAPSHOT @ C:\Users\m.sandhya\training\javademos\JUnitDemos\pom.xml.
2024-03-11 11:06:53,921 [Worker-14: Updating Maven Project] INFO  o.e.m.j.i.AbstractJavaProjectConfigurator - Adding source folder /JUnitDemos/src/main/java
2024-03-11 11:06:53,922 [Worker-14: Updating Maven Project] INFO  o.e.m.j.i.AbstractJavaProjectConfigurator - Adding resource folder /JUnitDemos/src/main/resources
2024-03-11 11:06:53,923 [Worker-14: Updating Maven Project] INFO  o.e.m.j.i.AbstractJavaProjectConfigurator - Adding source folder /JUnitDemos/src/test/java
2024-03-11 11:06:53,924 [Worker-14: Updating Maven Project] INFO  o.e.m.j.i.AbstractJavaProjectConfigurator - Adding resource folder /JUnitDemos/src/test/resources
2024-03-11 11:06:54,100 [Worker-14: Updating Maven Project] INFO  o.e.m.c.i.p.ProjectConfigurationManager - Update completed: 1 sec
2024-03-11 11:06:54,278 [Worker-4: Building] WARN  o.e.m.c.i.embedder.EclipseLogger - Using platform encoding (Cp1252 actually) to copy filtered resources, i.e. build is platform dependent!
2024-03-11 11:06:54,282 [Worker-4: Building] INFO  o.e.m.c.i.embedder.EclipseLogger - Copying 0 resource
2024-03-11 11:06:54,284 [Worker-4: Building] WARN  o.e.m.c.i.embedder.EclipseLogger - Using platform encoding (Cp1252 actually) to copy filtered resources, i.e. build is platform dependent!
2024-03-11 11:06:54,287 [Worker-4: Building] INFO  o.e.m.c.i.embedder.EclipseLogger - Copying 0 resource
2024-03-11 11:06:54,502 [Worker-4: Building] WARN  o.e.m.c.i.embedder.EclipseLogger - Using platform encoding (Cp1252 actually) to copy filtered resources, i.e. build is platform dependent!
2024-03-11 11:06:54,507 [Worker-4: Building] INFO  o.e.m.c.i.embedder.EclipseLogger - Copying 0 resource
2024-03-11 11:06:54,508 [Worker-4: Building] WARN  o.e.m.c.i.embedder.EclipseLogger - Using platform encoding (Cp1252 actually) to copy filtered resources, i.e. build is platform dependent!
2024-03-11 11:06:54,512 [Worker-4: Building] INFO  o.e.m.c.i.embedder.EclipseLogger - Copying 0 resource
2024-03-11 11:07:33,185 [Worker-11: Launching Executing test in C__Users_m.sandhya_training_javademos_JUnitDemos] INFO  o.e.m.i.launch.MavenLaunchDelegate - C:\Users\m.sandhya\training\javademos\JUnitDemos
2024-03-11 11:07:33,190 [Worker-11: Launching Executing test in C__Users_m.sandhya_training_javademos_JUnitDemos] INFO  o.e.m.i.launch.MavenLaunchDelegate -  mvn -B test
2024-03-11 11:07:39,694 [Worker-11: Building] WARN  o.e.m.c.i.embedder.EclipseLogger - Using platform encoding (Cp1252 actually) to copy filtered resources, i.e. build is platform dependent!
2024-03-11 11:07:39,697 [Worker-11: Building] INFO  o.e.m.c.i.embedder.EclipseLogger - Copying 0 resource
2024-03-11 11:07:39,698 [Worker-11: Building] WARN  o.e.m.c.i.embedder.EclipseLogger - Using platform encoding (Cp1252 actually) to copy filtered resources, i.e. build is platform dependent!
2024-03-11 11:07:39,701 [Worker-11: Building] INFO  o.e.m.c.i.embedder.EclipseLogger - Copying 0 resource
2024-03-11 11:08:21,781 [Worker-5: Updating Maven Project] INFO  o.e.m.c.i.p.ProjectConfigurationManager - Update started
2024-03-11 11:08:22,849 [Worker-5: Updating Maven Project] INFO  o.e.m.c.i.l.LifecycleMappingFactory - Using org.eclipse.m2e.jdt.JarLifecycleMapping lifecycle mapping for MavenProject: com.voya.dist:MavenProject:0.0.1-SNAPSHOT @ C:\Users\m.sandhya\training\javademos\MavenProject\pom.xml.
2024-03-11 11:08:22,893 [Worker-5: Updating Maven Project] INFO  o.e.m.c.i.l.LifecycleMappingFactory - Using org.eclipse.m2e.jdt.JarLifecycleMapping lifecycle mapping for MavenProject: com.voya.dist:JUnitDemos:0.0.1-SNAPSHOT @ C:\Users\m.sandhya\training\javademos\JUnitDemos\pom.xml.
2024-03-11 11:08:23,473 [Worker-5: Updating Maven Project] INFO  o.e.m.j.i.AbstractJavaProjectConfigurator - Adding source folder /JUnitDemos/src/main/java
2024-03-11 11:08:23,474 [Worker-5: Updating Maven Project] INFO  o.e.m.j.i.AbstractJavaProjectConfigurator - Adding resource folder /JUnitDemos/src/main/resources
2024-03-11 11:08:23,474 [Worker-5: Updating Maven Project] INFO  o.e.m.j.i.AbstractJavaProjectConfigurator - Adding source folder /JUnitDemos/src/test/java
2024-03-11 11:08:23,474 [Worker-5: Updating Maven Project] INFO  o.e.m.j.i.AbstractJavaProjectConfigurator - Adding resource folder /JUnitDemos/src/test/resources
2024-03-11 11:08:23,610 [Worker-5: Updating Maven Project] INFO  o.e.m.c.i.p.ProjectConfigurationManager - Update completed: 1 sec
2024-03-11 11:08:23,856 [Worker-6: Building] WARN  o.e.m.c.i.embedder.EclipseLogger - Using platform encoding (Cp1252 actually) to copy filtered resources, i.e. build is platform dependent!
2024-03-11 11:08:23,862 [Worker-6: Building] INFO  o.e.m.c.i.embedder.EclipseLogger - Copying 0 resource
2024-03-11 11:08:23,864 [Worker-6: Building] WARN  o.e.m.c.i.embedder.EclipseLogger - Using platform encoding (Cp1252 actually) to copy filtered resources, i.e. build is platform dependent!
2024-03-11 11:08:23,867 [Worker-6: Building] INFO  o.e.m.c.i.embedder.EclipseLogger - Copying 0 resource
2024-03-11 11:08:24,216 [Worker-6: Building] WARN  o.e.m.c.i.embedder.EclipseLogger - Using platform encoding (Cp1252 actually) to copy filtered resources, i.e. build is platform dependent!
2024-03-11 11:08:24,219 [Worker-6: Building] INFO  o.e.m.c.i.embedder.EclipseLogger - Copying 0 resource
2024-03-11 11:08:24,220 [Worker-6: Building] WARN  o.e.m.c.i.embedder.EclipseLogger - Using platform encoding (Cp1252 actually) to copy filtered resources, i.e. build is platform dependent!
2024-03-11 11:08:24,223 [Worker-6: Building] INFO  o.e.m.c.i.embedder.EclipseLogger - Copying 0 resource
2024-03-11 11:13:19,697 [Worker-11: Building] INFO  o.e.m.c.i.l.LifecycleMappingFactory - Using org.eclipse.m2e.jdt.JarLifecycleMapping lifecycle mapping for MavenProject: com.voya.dist:JUnitDemos:0.0.1-SNAPSHOT @ C:\Users\m.sandhya\training\javademos\JUnitDemos\pom.xml.
2024-03-11 11:13:20,254 [Worker-11: Building] WARN  o.e.m.c.i.embedder.EclipseLogger - Using platform encoding (Cp1252 actually) to copy filtered resources, i.e. build is platform dependent!
2024-03-11 11:13:20,257 [Worker-11: Building] INFO  o.e.m.c.i.embedder.EclipseLogger - Copying 0 resource
2024-03-11 11:13:20,258 [Worker-11: Building] WARN  o.e.m.c.i.embedder.EclipseLogger - Using platform encoding (Cp1252 actually) to copy filtered resources, i.e. build is platform dependent!
2024-03-11 11:13:20,261 [Worker-11: Building] INFO  o.e.m.c.i.embedder.EclipseLogger - Copying 0 resource
2024-03-11 11:13:36,475 [Worker-11: Updating Maven Project] INFO  o.e.m.c.i.p.ProjectConfigurationManager - Update started
2024-03-11 11:13:37,466 [Worker-11: Updating Maven Project] INFO  o.e.m.c.i.l.LifecycleMappingFactory - Using org.eclipse.m2e.jdt.JarLifecycleMapping lifecycle mapping for MavenProject: com.voya.dist:MavenProject:0.0.1-SNAPSHOT @ C:\Users\m.sandhya\training\javademos\MavenProject\pom.xml.
2024-03-11 11:13:37,507 [Worker-11: Updating Maven Project] INFO  o.e.m.c.i.l.LifecycleMappingFactory - Using org.eclipse.m2e.jdt.JarLifecycleMapping lifecycle mapping for MavenProject: com.voya.dist:JUnitDemos:0.0.1-SNAPSHOT @ C:\Users\m.sandhya\training\javademos\JUnitDemos\pom.xml.
2024-03-11 11:13:38,241 [Worker-11: Updating Maven Project] INFO  o.e.m.j.i.AbstractJavaProjectConfigurator - Adding source folder /JUnitDemos/src/main/java
2024-03-11 11:13:38,241 [Worker-11: Updating Maven Project] INFO  o.e.m.j.i.AbstractJavaProjectConfigurator - Adding resource folder /JUnitDemos/src/main/resources
2024-03-11 11:13:38,242 [Worker-11: Updating Maven Project] INFO  o.e.m.j.i.AbstractJavaProjectConfigurator - Adding source folder /JUnitDemos/src/test/java
2024-03-11 11:13:38,242 [Worker-11: Updating Maven Project] INFO  o.e.m.j.i.AbstractJavaProjectConfigurator - Adding resource folder /JUnitDemos/src/test/resources
2024-03-11 11:13:38,412 [Worker-11: Updating Maven Project] INFO  o.e.m.c.i.p.ProjectConfigurationManager - Update completed: 1 sec
2024-03-11 11:13:38,673 [Worker-11: Building] WARN  o.e.m.c.i.embedder.EclipseLogger - Using platform encoding (Cp1252 actually) to copy filtered resources, i.e. build is platform dependent!
2024-03-11 11:13:38,676 [Worker-11: Building] INFO  o.e.m.c.i.embedder.EclipseLogger - Copying 0 resource
2024-03-11 11:13:38,677 [Worker-11: Building] WARN  o.e.m.c.i.embedder.EclipseLogger - Using platform encoding (Cp1252 actually) to copy filtered resources, i.e. build is platform dependent!
2024-03-11 11:13:38,680 [Worker-11: Building] INFO  o.e.m.c.i.embedder.EclipseLogger - Copying 0 resource
2024-03-11 11:13:38,866 [Worker-11: Building] WARN  o.e.m.c.i.embedder.EclipseLogger - Using platform encoding (Cp1252 actually) to copy filtered resources, i.e. build is platform dependent!
2024-03-11 11:13:38,870 [Worker-11: Building] INFO  o.e.m.c.i.embedder.EclipseLogger - Copying 0 resource
2024-03-11 11:13:38,871 [Worker-11: Building] WARN  o.e.m.c.i.embedder.EclipseLogger - Using platform encoding (Cp1252 actually) to copy filtered resources, i.e. build is platform dependent!
2024-03-11 11:13:38,873 [Worker-11: Building] INFO  o.e.m.c.i.embedder.EclipseLogger - Copying 0 resource
2024-03-11 11:28:52,390 [Worker-7: Building] WARN  o.e.m.c.i.embedder.EclipseLogger - Using platform encoding (Cp1252 actually) to copy filtered resources, i.e. build is platform dependent!
2024-03-11 11:28:52,394 [Worker-7: Building] INFO  o.e.m.c.i.embedder.EclipseLogger - Copying 0 resource
2024-03-11 11:28:52,395 [Worker-7: Building] WARN  o.e.m.c.i.embedder.EclipseLogger - Using platform encoding (Cp1252 actually) to copy filtered resources, i.e. build is platform dependent!
2024-03-11 11:28:52,400 [Worker-7: Building] INFO  o.e.m.c.i.embedder.EclipseLogger - Copying 0 resource
2024-03-11 11:32:45,768 [Worker-12: Building] WARN  o.e.m.c.i.embedder.EclipseLogger - Using platform encoding (Cp1252 actually) to copy filtered resources, i.e. build is platform dependent!
2024-03-11 11:32:45,772 [Worker-12: Building] INFO  o.e.m.c.i.embedder.EclipseLogger - Copying 0 resource
2024-03-11 11:32:45,772 [Worker-12: Building] WARN  o.e.m.c.i.embedder.EclipseLogger - Using platform encoding (Cp1252 actually) to copy filtered resources, i.e. build is platform dependent!
2024-03-11 11:32:45,776 [Worker-12: Building] INFO  o.e.m.c.i.embedder.EclipseLogger - Copying 0 resource
2024-03-11 11:33:49,931 [Worker-12: Launching CalulatorTest] WARN  o.e.m.c.i.embedder.EclipseLogger - Using platform encoding (Cp1252 actually) to copy filtered resources, i.e. build is platform dependent!
2024-03-11 11:33:49,935 [Worker-12: Launching CalulatorTest] INFO  o.e.m.c.i.embedder.EclipseLogger - Copying 0 resource
2024-03-11 11:33:49,937 [Worker-12: Launching CalulatorTest] WARN  o.e.m.c.i.embedder.EclipseLogger - Using platform encoding (Cp1252 actually) to copy filtered resources, i.e. build is platform dependent!
2024-03-11 11:33:49,940 [Worker-12: Launching CalulatorTest] INFO  o.e.m.c.i.embedder.EclipseLogger - Copying 0 resource
2024-03-11 11:40:53,568 [Worker-12: Launching CalulatorTest] WARN  o.e.m.c.i.embedder.EclipseLogger - Using platform encoding (Cp1252 actually) to copy filtered resources, i.e. build is platform dependent!
2024-03-11 11:40:53,573 [Worker-12: Launching CalulatorTest] INFO  o.e.m.c.i.embedder.EclipseLogger - Copying 0 resource
2024-03-11 11:40:53,574 [Worker-12: Launching CalulatorTest] WARN  o.e.m.c.i.embedder.EclipseLogger - Using platform encoding (Cp1252 actually) to copy filtered resources, i.e. build is platform dependent!
2024-03-11 11:40:53,577 [Worker-12: Launching CalulatorTest] INFO  o.e.m.c.i.embedder.EclipseLogger - Copying 0 resource
2024-03-11 11:47:20,239 [Worker-19: Launching CalulatorTest] WARN  o.e.m.c.i.embedder.EclipseLogger - Using platform encoding (Cp1252 actually) to copy filtered resources, i.e. build is platform dependent!
2024-03-11 11:47:20,243 [Worker-19: Launching CalulatorTest] INFO  o.e.m.c.i.embedder.EclipseLogger - Copying 0 resource
2024-03-11 11:47:20,244 [Worker-19: Launching CalulatorTest] WARN  o.e.m.c.i.embedder.EclipseLogger - Using platform encoding (Cp1252 actually) to copy filtered resources, i.e. build is platform dependent!
2024-03-11 11:47:20,247 [Worker-19: Launching CalulatorTest] INFO  o.e.m.c.i.embedder.EclipseLogger - Copying 0 resource
2024-03-11 11:54:10,814 [Worker-5: Launching CalulatorTest] WARN  o.e.m.c.i.embedder.EclipseLogger - Using platform encoding (Cp1252 actually) to copy filtered resources, i.e. build is platform dependent!
2024-03-11 11:54:10,817 [Worker-5: Launching CalulatorTest] INFO  o.e.m.c.i.embedder.EclipseLogger - Copying 0 resource
2024-03-11 11:54:10,819 [Worker-5: Launching CalulatorTest] WARN  o.e.m.c.i.embedder.EclipseLogger - Using platform encoding (Cp1252 actually) to copy filtered resources, i.e. build is platform dependent!
2024-03-11 11:54:10,822 [Worker-5: Launching CalulatorTest] INFO  o.e.m.c.i.embedder.EclipseLogger - Copying 0 resource
2024-03-11 11:54:51,120 [Worker-19: Launching CalulatorTest] WARN  o.e.m.c.i.embedder.EclipseLogger - Using platform encoding (Cp1252 actually) to copy filtered resources, i.e. build is platform dependent!
2024-03-11 11:54:51,124 [Worker-19: Launching CalulatorTest] INFO  o.e.m.c.i.embedder.EclipseLogger - Copying 0 resource
2024-03-11 11:54:51,125 [Worker-19: Launching CalulatorTest] WARN  o.e.m.c.i.embedder.EclipseLogger - Using platform encoding (Cp1252 actually) to copy filtered resources, i.e. build is platform dependent!
2024-03-11 11:54:51,129 [Worker-19: Launching CalulatorTest] INFO  o.e.m.c.i.embedder.EclipseLogger - Copying 0 resource
2024-03-11 11:55:33,720 [Worker-21: Launching CalulatorTest] WARN  o.e.m.c.i.embedder.EclipseLogger - Using platform encoding (Cp1252 actually) to copy filtered resources, i.e. build is platform dependent!
2024-03-11 11:55:33,724 [Worker-21: Launching CalulatorTest] INFO  o.e.m.c.i.embedder.EclipseLogger - Copying 0 resource
2024-03-11 11:55:33,726 [Worker-21: Launching CalulatorTest] WARN  o.e.m.c.i.embedder.EclipseLogger - Using platform encoding (Cp1252 actually) to copy filtered resources, i.e. build is platform dependent!
2024-03-11 11:55:33,730 [Worker-21: Launching CalulatorTest] INFO  o.e.m.c.i.embedder.EclipseLogger - Copying 0 resource
2024-03-11 12:08:35,804 [Worker-24: Launching CalulatorTest] WARN  o.e.m.c.i.embedder.EclipseLogger - Using platform encoding (Cp1252 actually) to copy filtered resources, i.e. build is platform dependent!
2024-03-11 12:08:35,809 [Worker-24: Launching CalulatorTest] INFO  o.e.m.c.i.embedder.EclipseLogger - Copying 0 resource
2024-03-11 12:08:35,810 [Worker-24: Launching CalulatorTest] WARN  o.e.m.c.i.embedder.EclipseLogger - Using platform encoding (Cp1252 actually) to copy filtered resources, i.e. build is platform dependent!
2024-03-11 12:08:35,813 [Worker-24: Launching CalulatorTest] INFO  o.e.m.c.i.embedder.EclipseLogger - Copying 0 resource
2024-03-11 12:08:53,797 [Worker-22: Building] WARN  o.e.m.c.i.embedder.EclipseLogger - Using platform encoding (Cp1252 actually) to copy filtered resources, i.e. build is platform dependent!
2024-03-11 12:08:53,800 [Worker-22: Building] INFO  o.e.m.c.i.embedder.EclipseLogger - Copying 0 resource
2024-03-11 12:08:53,801 [Worker-22: Building] WARN  o.e.m.c.i.embedder.EclipseLogger - Using platform encoding (Cp1252 actually) to copy filtered resources, i.e. build is platform dependent!
2024-03-11 12:08:53,804 [Worker-22: Building] INFO  o.e.m.c.i.embedder.EclipseLogger - Copying 0 resource
2024-03-11 12:09:34,053 [Worker-23: Launching CalulatorTest] WARN  o.e.m.c.i.embedder.EclipseLogger - Using platform encoding (Cp1252 actually) to copy filtered resources, i.e. build is platform dependent!
2024-03-11 12:09:34,056 [Worker-23: Launching CalulatorTest] INFO  o.e.m.c.i.embedder.EclipseLogger - Copying 0 resource
2024-03-11 12:09:34,058 [Worker-23: Launching CalulatorTest] WARN  o.e.m.c.i.embedder.EclipseLogger - Using platform encoding (Cp1252 actually) to copy filtered resources, i.e. build is platform dependent!
2024-03-11 12:09:34,062 [Worker-23: Launching CalulatorTest] INFO  o.e.m.c.i.embedder.EclipseLogger - Copying 0 resource
2024-03-11 12:10:48,255 [Worker-19: Launching CalulatorTest] WARN  o.e.m.c.i.embedder.EclipseLogger - Using platform encoding (Cp1252 actually) to copy filtered resources, i.e. build is platform dependent!
2024-03-11 12:10:48,259 [Worker-19: Launching CalulatorTest] INFO  o.e.m.c.i.embedder.EclipseLogger - Copying 0 resource
2024-03-11 12:10:48,261 [Worker-19: Launching CalulatorTest] WARN  o.e.m.c.i.embedder.EclipseLogger - Using platform encoding (Cp1252 actually) to copy filtered resources, i.e. build is platform dependent!
2024-03-11 12:10:48,265 [Worker-19: Launching CalulatorTest] INFO  o.e.m.c.i.embedder.EclipseLogger - Copying 0 resource
2024-03-11 12:11:18,457 [Worker-25: Launching CalulatorTest] WARN  o.e.m.c.i.embedder.EclipseLogger - Using platform encoding (Cp1252 actually) to copy filtered resources, i.e. build is platform dependent!
2024-03-11 12:11:18,461 [Worker-25: Launching CalulatorTest] INFO  o.e.m.c.i.embedder.EclipseLogger - Copying 0 resource
2024-03-11 12:11:18,463 [Worker-25: Launching CalulatorTest] WARN  o.e.m.c.i.embedder.EclipseLogger - Using platform encoding (Cp1252 actually) to copy filtered resources, i.e. build is platform dependent!
2024-03-11 12:11:18,467 [Worker-25: Launching CalulatorTest] INFO  o.e.m.c.i.embedder.EclipseLogger - Copying 0 resource
2024-03-11 12:11:33,359 [Worker-23: Launching CalulatorTest] WARN  o.e.m.c.i.embedder.EclipseLogger - Using platform encoding (Cp1252 actually) to copy filtered resources, i.e. build is platform dependent!
2024-03-11 12:11:33,363 [Worker-23: Launching CalulatorTest] INFO  o.e.m.c.i.embedder.EclipseLogger - Copying 0 resource
2024-03-11 12:11:33,365 [Worker-23: Launching CalulatorTest] WARN  o.e.m.c.i.embedder.EclipseLogger - Using platform encoding (Cp1252 actually) to copy filtered resources, i.e. build is platform dependent!
2024-03-11 12:11:33,369 [Worker-23: Launching CalulatorTest] INFO  o.e.m.c.i.embedder.EclipseLogger - Copying 0 resource
2024-03-11 12:11:53,907 [Worker-19: Launching CalulatorTest] WARN  o.e.m.c.i.embedder.EclipseLogger - Using platform encoding (Cp1252 actually) to copy filtered resources, i.e. build is platform dependent!
2024-03-11 12:11:53,910 [Worker-19: Launching CalulatorTest] INFO  o.e.m.c.i.embedder.EclipseLogger - Copying 0 resource
2024-03-11 12:11:53,911 [Worker-19: Launching CalulatorTest] WARN  o.e.m.c.i.embedder.EclipseLogger - Using platform encoding (Cp1252 actually) to copy filtered resources, i.e. build is platform dependent!
2024-03-11 12:11:53,917 [Worker-19: Launching CalulatorTest] INFO  o.e.m.c.i.embedder.EclipseLogger - Copying 0 resource
2024-03-11 12:13:12,956 [Worker-22: Building] WARN  o.e.m.c.i.embedder.EclipseLogger - Using platform encoding (Cp1252 actually) to copy filtered resources, i.e. build is platform dependent!
2024-03-11 12:13:12,959 [Worker-22: Building] INFO  o.e.m.c.i.embedder.EclipseLogger - Copying 0 resource
2024-03-11 12:13:12,960 [Worker-22: Building] WARN  o.e.m.c.i.embedder.EclipseLogger - Using platform encoding (Cp1252 actually) to copy filtered resources, i.e. build is platform dependent!
2024-03-11 12:13:12,964 [Worker-22: Building] INFO  o.e.m.c.i.embedder.EclipseLogger - Copying 0 resource
2024-03-11 12:16:26,115 [Worker-24: Building] WARN  o.e.m.c.i.embedder.EclipseLogger - Using platform encoding (Cp1252 actually) to copy filtered resources, i.e. build is platform dependent!
2024-03-11 12:16:26,118 [Worker-24: Building] INFO  o.e.m.c.i.embedder.EclipseLogger - Copying 0 resource
2024-03-11 12:16:26,119 [Worker-24: Building] WARN  o.e.m.c.i.embedder.EclipseLogger - Using platform encoding (Cp1252 actually) to copy filtered resources, i.e. build is platform dependent!
2024-03-11 12:16:26,123 [Worker-24: Building] INFO  o.e.m.c.i.embedder.EclipseLogger - Copying 0 resource
2024-03-11 12:17:30,718 [Worker-23: Building] WARN  o.e.m.c.i.embedder.EclipseLogger - Using platform encoding (Cp1252 actually) to copy filtered resources, i.e. build is platform dependent!
2024-03-11 12:17:30,722 [Worker-23: Building] INFO  o.e.m.c.i.embedder.EclipseLogger - Copying 0 resource
2024-03-11 12:17:30,723 [Worker-23: Building] WARN  o.e.m.c.i.embedder.EclipseLogger - Using platform encoding (Cp1252 actually) to copy filtered resources, i.e. build is platform dependent!
2024-03-11 12:17:30,727 [Worker-23: Building] INFO  o.e.m.c.i.embedder.EclipseLogger - Copying 0 resource
2024-03-11 12:29:52,073 [Worker-20: Building] WARN  o.e.m.c.i.embedder.EclipseLogger - Using platform encoding (Cp1252 actually) to copy filtered resources, i.e. build is platform dependent!
2024-03-11 12:29:52,080 [Worker-20: Building] INFO  o.e.m.c.i.embedder.EclipseLogger - Copying 0 resource
2024-03-11 12:29:52,081 [Worker-20: Building] WARN  o.e.m.c.i.embedder.EclipseLogger - Using platform encoding (Cp1252 actually) to copy filtered resources, i.e. build is platform dependent!
2024-03-11 12:29:52,085 [Worker-20: Building] INFO  o.e.m.c.i.embedder.EclipseLogger - Copying 0 resource
2024-03-11 12:30:26,451 [Worker-20: Building] WARN  o.e.m.c.i.embedder.EclipseLogger - Using platform encoding (Cp1252 actually) to copy filtered resources, i.e. build is platform dependent!
2024-03-11 12:30:26,455 [Worker-20: Building] INFO  o.e.m.c.i.embedder.EclipseLogger - Copying 0 resource
2024-03-11 12:30:26,456 [Worker-20: Building] WARN  o.e.m.c.i.embedder.EclipseLogger - Using platform encoding (Cp1252 actually) to copy filtered resources, i.e. build is platform dependent!
2024-03-11 12:30:26,459 [Worker-20: Building] INFO  o.e.m.c.i.embedder.EclipseLogger - Copying 0 resource
2024-03-11 12:52:50,593 [Worker-28: Launching StudentDetailsTest] WARN  o.e.m.c.i.embedder.EclipseLogger - Using platform encoding (Cp1252 actually) to copy filtered resources, i.e. build is platform dependent!
2024-03-11 12:52:50,597 [Worker-28: Launching StudentDetailsTest] INFO  o.e.m.c.i.embedder.EclipseLogger - Copying 0 resource
2024-03-11 12:52:50,598 [Worker-28: Launching StudentDetailsTest] WARN  o.e.m.c.i.embedder.EclipseLogger - Using platform encoding (Cp1252 actually) to copy filtered resources, i.e. build is platform dependent!
2024-03-11 12:52:50,602 [Worker-28: Launching StudentDetailsTest] INFO  o.e.m.c.i.embedder.EclipseLogger - Copying 0 resource
2024-03-11 12:56:45,588 [Worker-33: Building] WARN  o.e.m.c.i.embedder.EclipseLogger - Using platform encoding (Cp1252 actually) to copy filtered resources, i.e. build is platform dependent!
2024-03-11 12:56:45,592 [Worker-33: Building] INFO  o.e.m.c.i.embedder.EclipseLogger - Copying 0 resource
2024-03-11 12:56:45,594 [Worker-33: Building] WARN  o.e.m.c.i.embedder.EclipseLogger - Using platform encoding (Cp1252 actually) to copy filtered resources, i.e. build is platform dependent!
2024-03-11 12:56:45,598 [Worker-33: Building] INFO  o.e.m.c.i.embedder.EclipseLogger - Copying 0 resource
2024-03-11 13:52:36,634 [Worker-35: Building] WARN  o.e.m.c.i.embedder.EclipseLogger - Using platform encoding (Cp1252 actually) to copy filtered resources, i.e. build is platform dependent!
2024-03-11 13:52:36,638 [Worker-35: Building] INFO  o.e.m.c.i.embedder.EclipseLogger - Copying 0 resource
2024-03-11 13:52:36,639 [Worker-35: Building] WARN  o.e.m.c.i.embedder.EclipseLogger - Using platform encoding (Cp1252 actually) to copy filtered resources, i.e. build is platform dependent!
2024-03-11 13:52:36,643 [Worker-35: Building] INFO  o.e.m.c.i.embedder.EclipseLogger - Copying 0 resource
2024-03-11 13:55:34,566 [Worker-36: Building] WARN  o.e.m.c.i.embedder.EclipseLogger - Using platform encoding (Cp1252 actually) to copy filtered resources, i.e. build is platform dependent!
2024-03-11 13:55:34,570 [Worker-36: Building] INFO  o.e.m.c.i.embedder.EclipseLogger - Copying 0 resource
2024-03-11 13:55:34,571 [Worker-36: Building] WARN  o.e.m.c.i.embedder.EclipseLogger - Using platform encoding (Cp1252 actually) to copy filtered resources, i.e. build is platform dependent!
2024-03-11 13:55:34,574 [Worker-36: Building] INFO  o.e.m.c.i.embedder.EclipseLogger - Copying 0 resource
2024-03-11 14:10:08,161 [Worker-40: Building] WARN  o.e.m.c.i.embedder.EclipseLogger - Using platform encoding (Cp1252 actually) to copy filtered resources, i.e. build is platform dependent!
2024-03-11 14:10:08,165 [Worker-40: Building] INFO  o.e.m.c.i.embedder.EclipseLogger - Copying 0 resource
2024-03-11 14:10:08,166 [Worker-40: Building] WARN  o.e.m.c.i.embedder.EclipseLogger - Using platform encoding (Cp1252 actually) to copy filtered resources, i.e. build is platform dependent!
2024-03-11 14:10:08,170 [Worker-40: Building] INFO  o.e.m.c.i.embedder.EclipseLogger - Copying 0 resource
2024-03-11 14:13:33,705 [Worker-36: Launching AllTests] WARN  o.e.m.c.i.embedder.EclipseLogger - Using platform encoding (Cp1252 actually) to copy filtered resources, i.e. build is platform dependent!
2024-03-11 14:13:33,708 [Worker-36: Launching AllTests] INFO  o.e.m.c.i.embedder.EclipseLogger - Copying 0 resource
2024-03-11 14:13:33,709 [Worker-36: Launching AllTests] WARN  o.e.m.c.i.embedder.EclipseLogger - Using platform encoding (Cp1252 actually) to copy filtered resources, i.e. build is platform dependent!
2024-03-11 14:13:33,713 [Worker-36: Launching AllTests] INFO  o.e.m.c.i.embedder.EclipseLogger - Copying 0 resource
2024-03-11 14:24:55,516 [Worker-41: Launching AllTests] WARN  o.e.m.c.i.embedder.EclipseLogger - Using platform encoding (Cp1252 actually) to copy filtered resources, i.e. build is platform dependent!
2024-03-11 14:24:55,519 [Worker-41: Launching AllTests] INFO  o.e.m.c.i.embedder.EclipseLogger - Copying 0 resource
2024-03-11 14:24:55,521 [Worker-41: Launching AllTests] WARN  o.e.m.c.i.embedder.EclipseLogger - Using platform encoding (Cp1252 actually) to copy filtered resources, i.e. build is platform dependent!
2024-03-11 14:24:55,525 [Worker-41: Launching AllTests] INFO  o.e.m.c.i.embedder.EclipseLogger - Copying 0 resource
2024-03-11 14:41:33,986 [Worker-43: Updating Maven Project] INFO  o.e.m.c.i.p.ProjectConfigurationManager - Update started
2024-03-11 14:41:34,280 [Worker-43: Updating Maven Project] INFO  o.e.m.c.i.l.LifecycleMappingFactory - Using org.eclipse.m2e.jdt.JarLifecycleMapping lifecycle mapping for MavenProject: com.voya.dist:MavenProject:0.0.1-SNAPSHOT @ C:\Users\m.sandhya\training\javademos\MavenProject\pom.xml.
2024-03-11 14:41:34,318 [Worker-43: Updating Maven Project] INFO  o.e.m.c.i.l.LifecycleMappingFactory - Using org.eclipse.m2e.jdt.JarLifecycleMapping lifecycle mapping for MavenProject: com.voya.dist:JUnitDemos:0.0.1-SNAPSHOT @ C:\Users\m.sandhya\training\javademos\JUnitDemos\pom.xml.
2024-03-11 14:41:34,818 [Worker-43: Updating Maven Project] INFO  o.e.m.j.i.AbstractJavaProjectConfigurator - Adding source folder /JUnitDemos/src/main/java
2024-03-11 14:41:34,818 [Worker-43: Updating Maven Project] INFO  o.e.m.j.i.AbstractJavaProjectConfigurator - Adding resource folder /JUnitDemos/src/main/resources
2024-03-11 14:41:34,819 [Worker-43: Updating Maven Project] INFO  o.e.m.j.i.AbstractJavaProjectConfigurator - Adding source folder /JUnitDemos/src/test/java
2024-03-11 14:41:34,819 [Worker-43: Updating Maven Project] INFO  o.e.m.j.i.AbstractJavaProjectConfigurator - Adding resource folder /JUnitDemos/src/test/resources
2024-03-11 14:41:34,958 [Worker-43: Updating Maven Project] INFO  o.e.m.c.i.p.ProjectConfigurationManager - Update completed: 0 sec
2024-03-11 14:41:35,212 [Worker-46: Building] WARN  o.e.m.c.i.embedder.EclipseLogger - Using platform encoding (Cp1252 actually) to copy filtered resources, i.e. build is platform dependent!
2024-03-11 14:41:35,215 [Worker-46: Building] INFO  o.e.m.c.i.embedder.EclipseLogger - Copying 0 resource
2024-03-11 14:41:35,217 [Worker-46: Building] WARN  o.e.m.c.i.embedder.EclipseLogger - Using platform encoding (Cp1252 actually) to copy filtered resources, i.e. build is platform dependent!
2024-03-11 14:41:35,220 [Worker-46: Building] INFO  o.e.m.c.i.embedder.EclipseLogger - Copying 0 resource
2024-03-11 14:41:35,413 [Worker-46: Building] WARN  o.e.m.c.i.embedder.EclipseLogger - Using platform encoding (Cp1252 actually) to copy filtered resources, i.e. build is platform dependent!
2024-03-11 14:41:35,417 [Worker-46: Building] INFO  o.e.m.c.i.embedder.EclipseLogger - Copying 0 resource
2024-03-11 14:41:35,419 [Worker-46: Building] WARN  o.e.m.c.i.embedder.EclipseLogger - Using platform encoding (Cp1252 actually) to copy filtered resources, i.e. build is platform dependent!
2024-03-11 14:41:35,422 [Worker-46: Building] INFO  o.e.m.c.i.embedder.EclipseLogger - Copying 0 resource
2024-03-11 14:41:36,480 [Worker-46: Building] INFO  o.e.m.c.i.l.LifecycleMappingFactory - Using org.eclipse.m2e.jdt.JarLifecycleMapping lifecycle mapping for MavenProject: com.voya.dist:JUnitDemos:0.0.1-SNAPSHOT @ C:\Users\m.sandhya\training\javademos\JUnitDemos\pom.xml.
2024-03-11 14:41:37,225 [Worker-46: Building] WARN  o.e.m.c.i.embedder.EclipseLogger - Using platform encoding (Cp1252 actually) to copy filtered resources, i.e. build is platform dependent!
2024-03-11 14:41:37,228 [Worker-46: Building] INFO  o.e.m.c.i.embedder.EclipseLogger - Copying 0 resource
2024-03-11 14:41:37,229 [Worker-46: Building] WARN  o.e.m.c.i.embedder.EclipseLogger - Using platform encoding (Cp1252 actually) to copy filtered resources, i.e. build is platform dependent!
2024-03-11 14:41:37,231 [Worker-46: Building] INFO  o.e.m.c.i.embedder.EclipseLogger - Copying 0 resource
2024-03-11 14:41:48,653 [Worker-49: Updating Maven Project] INFO  o.e.m.c.i.p.ProjectConfigurationManager - Update started
2024-03-11 14:41:48,890 [Worker-49: Updating Maven Project] INFO  o.e.m.c.i.l.LifecycleMappingFactory - Using org.eclipse.m2e.jdt.JarLifecycleMapping lifecycle mapping for MavenProject: com.voya.dist:MavenProject:0.0.1-SNAPSHOT @ C:\Users\m.sandhya\training\javademos\MavenProject\pom.xml.
2024-03-11 14:41:48,929 [Worker-49: Updating Maven Project] INFO  o.e.m.c.i.l.LifecycleMappingFactory - Using org.eclipse.m2e.jdt.JarLifecycleMapping lifecycle mapping for MavenProject: com.voya.dist:JUnitDemos:0.0.1-SNAPSHOT @ C:\Users\m.sandhya\training\javademos\JUnitDemos\pom.xml.
2024-03-11 14:41:49,709 [Worker-49: Updating Maven Project] INFO  o.e.m.j.i.AbstractJavaProjectConfigurator - Adding source folder /JUnitDemos/src/main/java
2024-03-11 14:41:49,710 [Worker-49: Updating Maven Project] INFO  o.e.m.j.i.AbstractJavaProjectConfigurator - Adding resource folder /JUnitDemos/src/main/resources
2024-03-11 14:41:49,710 [Worker-49: Updating Maven Project] INFO  o.e.m.j.i.AbstractJavaProjectConfigurator - Adding source folder /JUnitDemos/src/test/java
2024-03-11 14:41:49,711 [Worker-49: Updating Maven Project] INFO  o.e.m.j.i.AbstractJavaProjectConfigurator - Adding resource folder /JUnitDemos/src/test/resources
2024-03-11 14:41:49,836 [Worker-49: Updating Maven Project] INFO  o.e.m.c.i.p.ProjectConfigurationManager - Update completed: 1 sec
2024-03-11 14:41:50,100 [Worker-48: Building] WARN  o.e.m.c.i.embedder.EclipseLogger - Using platform encoding (Cp1252 actually) to copy filtered resources, i.e. build is platform dependent!
2024-03-11 14:41:50,103 [Worker-48: Building] INFO  o.e.m.c.i.embedder.EclipseLogger - Copying 0 resource
2024-03-11 14:41:50,105 [Worker-48: Building] WARN  o.e.m.c.i.embedder.EclipseLogger - Using platform encoding (Cp1252 actually) to copy filtered resources, i.e. build is platform dependent!
2024-03-11 14:41:50,107 [Worker-48: Building] INFO  o.e.m.c.i.embedder.EclipseLogger - Copying 0 resource
2024-03-11 14:41:50,285 [Worker-48: Building] WARN  o.e.m.c.i.embedder.EclipseLogger - Using platform encoding (Cp1252 actually) to copy filtered resources, i.e. build is platform dependent!
2024-03-11 14:41:50,289 [Worker-48: Building] INFO  o.e.m.c.i.embedder.EclipseLogger - Copying 0 resource
2024-03-11 14:41:50,291 [Worker-48: Building] WARN  o.e.m.c.i.embedder.EclipseLogger - Using platform encoding (Cp1252 actually) to copy filtered resources, i.e. build is platform dependent!
2024-03-11 14:41:50,294 [Worker-48: Building] INFO  o.e.m.c.i.embedder.EclipseLogger - Copying 0 resource
2024-03-11 14:42:11,535 [Worker-43: Launching AllTests] WARN  o.e.m.c.i.embedder.EclipseLogger - Using platform encoding (Cp1252 actually) to copy filtered resources, i.e. build is platform dependent!
2024-03-11 14:42:11,538 [Worker-43: Launching AllTests] INFO  o.e.m.c.i.embedder.EclipseLogger - Copying 0 resource
2024-03-11 14:42:11,539 [Worker-43: Launching AllTests] WARN  o.e.m.c.i.embedder.EclipseLogger - Using platform encoding (Cp1252 actually) to copy filtered resources, i.e. build is platform dependent!
2024-03-11 14:42:11,543 [Worker-43: Launching AllTests] INFO  o.e.m.c.i.embedder.EclipseLogger - Copying 0 resource
2024-03-11 14:42:25,461 [Worker-49: Launching AllTests] WARN  o.e.m.c.i.embedder.EclipseLogger - Using platform encoding (Cp1252 actually) to copy filtered resources, i.e. build is platform dependent!
2024-03-11 14:42:25,465 [Worker-49: Launching AllTests] INFO  o.e.m.c.i.embedder.EclipseLogger - Copying 0 resource
2024-03-11 14:42:25,466 [Worker-49: Launching AllTests] WARN  o.e.m.c.i.embedder.EclipseLogger - Using platform encoding (Cp1252 actually) to copy filtered resources, i.e. build is platform dependent!
2024-03-11 14:42:25,470 [Worker-49: Launching AllTests] INFO  o.e.m.c.i.embedder.EclipseLogger - Copying 0 resource
2024-03-11 14:44:39,675 [Worker-48: Launching AllTests] WARN  o.e.m.c.i.embedder.EclipseLogger - Using platform encoding (Cp1252 actually) to copy filtered resources, i.e. build is platform dependent!
2024-03-11 14:44:39,679 [Worker-48: Launching AllTests] INFO  o.e.m.c.i.embedder.EclipseLogger - Copying 0 resource
2024-03-11 14:44:39,680 [Worker-48: Launching AllTests] WARN  o.e.m.c.i.embedder.EclipseLogger - Using platform encoding (Cp1252 actually) to copy filtered resources, i.e. build is platform dependent!
2024-03-11 14:44:39,683 [Worker-48: Launching AllTests] INFO  o.e.m.c.i.embedder.EclipseLogger - Copying 0 resource
2024-03-11 14:51:04,672 [Worker-43: Launching AllTests] WARN  o.e.m.c.i.embedder.EclipseLogger - Using platform encoding (Cp1252 actually) to copy filtered resources, i.e. build is platform dependent!
2024-03-11 14:51:04,676 [Worker-43: Launching AllTests] INFO  o.e.m.c.i.embedder.EclipseLogger - Copying 0 resource
2024-03-11 14:51:04,677 [Worker-43: Launching AllTests] WARN  o.e.m.c.i.embedder.EclipseLogger - Using platform encoding (Cp1252 actually) to copy filtered resources, i.e. build is platform dependent!
2024-03-11 14:51:04,681 [Worker-43: Launching AllTests] INFO  o.e.m.c.i.embedder.EclipseLogger - Copying 0 resource
2024-03-11 14:53:23,734 [Worker-52: Building Workspace] WARN  o.e.m.c.i.embedder.EclipseLogger - Using platform encoding (Cp1252 actually) to copy filtered resources, i.e. build is platform dependent!
2024-03-11 14:53:23,754 [Worker-52: Building Workspace] INFO  o.e.m.c.i.embedder.EclipseLogger - Copying 0 resource
2024-03-11 14:53:23,755 [Worker-52: Building Workspace] WARN  o.e.m.c.i.embedder.EclipseLogger - Using platform encoding (Cp1252 actually) to copy filtered resources, i.e. build is platform dependent!
2024-03-11 14:53:23,759 [Worker-52: Building Workspace] INFO  o.e.m.c.i.embedder.EclipseLogger - Copying 0 resource
2024-03-11 14:53:44,912 [Worker-50: Building] WARN  o.e.m.c.i.embedder.EclipseLogger - Using platform encoding (Cp1252 actually) to copy filtered resources, i.e. build is platform dependent!
2024-03-11 14:53:44,916 [Worker-50: Building] INFO  o.e.m.c.i.embedder.EclipseLogger - Copying 0 resource
2024-03-11 14:53:44,917 [Worker-50: Building] WARN  o.e.m.c.i.embedder.EclipseLogger - Using platform encoding (Cp1252 actually) to copy filtered resources, i.e. build is platform dependent!
2024-03-11 14:53:44,921 [Worker-50: Building] INFO  o.e.m.c.i.embedder.EclipseLogger - Copying 0 resource
2024-03-11 15:03:16,574 [Worker-52: Building] WARN  o.e.m.c.i.embedder.EclipseLogger - Using platform encoding (Cp1252 actually) to copy filtered resources, i.e. build is platform dependent!
2024-03-11 15:03:16,577 [Worker-52: Building] INFO  o.e.m.c.i.embedder.EclipseLogger - Copying 0 resource
2024-03-11 15:03:16,578 [Worker-52: Building] WARN  o.e.m.c.i.embedder.EclipseLogger - Using platform encoding (Cp1252 actually) to copy filtered resources, i.e. build is platform dependent!
2024-03-11 15:03:16,581 [Worker-52: Building] INFO  o.e.m.c.i.embedder.EclipseLogger - Copying 0 resource
2024-03-11 15:03:47,189 [Worker-52: Launching CalulatorTest] WARN  o.e.m.c.i.embedder.EclipseLogger - Using platform encoding (Cp1252 actually) to copy filtered resources, i.e. build is platform dependent!
2024-03-11 15:03:47,193 [Worker-52: Launching CalulatorTest] INFO  o.e.m.c.i.embedder.EclipseLogger - Copying 0 resource
2024-03-11 15:03:47,195 [Worker-52: Launching CalulatorTest] WARN  o.e.m.c.i.embedder.EclipseLogger - Using platform encoding (Cp1252 actually) to copy filtered resources, i.e. build is platform dependent!
2024-03-11 15:03:47,199 [Worker-52: Launching CalulatorTest] INFO  o.e.m.c.i.embedder.EclipseLogger - Copying 0 resource
2024-03-11 15:08:14,030 [Worker-56: Launching AllTests] WARN  o.e.m.c.i.embedder.EclipseLogger - Using platform encoding (Cp1252 actually) to copy filtered resources, i.e. build is platform dependent!
2024-03-11 15:08:14,042 [Worker-56: Launching AllTests] INFO  o.e.m.c.i.embedder.EclipseLogger - Copying 0 resource
2024-03-11 15:08:14,043 [Worker-56: Launching AllTests] WARN  o.e.m.c.i.embedder.EclipseLogger - Using platform encoding (Cp1252 actually) to copy filtered resources, i.e. build is platform dependent!
2024-03-11 15:08:14,047 [Worker-56: Launching AllTests] INFO  o.e.m.c.i.embedder.EclipseLogger - Copying 0 resource
2024-03-11 15:10:56,996 [Worker-52: Building] WARN  o.e.m.c.i.embedder.EclipseLogger - Using platform encoding (Cp1252 actually) to copy filtered resources, i.e. build is platform dependent!
2024-03-11 15:10:56,999 [Worker-52: Building] INFO  o.e.m.c.i.embedder.EclipseLogger - Copying 0 resource
2024-03-11 15:10:56,999 [Worker-52: Building] WARN  o.e.m.c.i.embedder.EclipseLogger - Using platform encoding (Cp1252 actually) to copy filtered resources, i.e. build is platform dependent!
2024-03-11 15:10:57,002 [Worker-52: Building] INFO  o.e.m.c.i.embedder.EclipseLogger - Copying 0 resource
2024-03-11 15:11:42,259 [Worker-55: Launching AllTests] WARN  o.e.m.c.i.embedder.EclipseLogger - Using platform encoding (Cp1252 actually) to copy filtered resources, i.e. build is platform dependent!
2024-03-11 15:11:42,263 [Worker-55: Launching AllTests] INFO  o.e.m.c.i.embedder.EclipseLogger - Copying 0 resource
2024-03-11 15:11:42,265 [Worker-55: Launching AllTests] WARN  o.e.m.c.i.embedder.EclipseLogger - Using platform encoding (Cp1252 actually) to copy filtered resources, i.e. build is platform dependent!
2024-03-11 15:11:42,269 [Worker-55: Launching AllTests] INFO  o.e.m.c.i.embedder.EclipseLogger - Copying 0 resource
2024-03-11 15:16:16,867 [Worker-52: Launching StudentDetailsTest] WARN  o.e.m.c.i.embedder.EclipseLogger - Using platform encoding (Cp1252 actually) to copy filtered resources, i.e. build is platform dependent!
2024-03-11 15:16:16,870 [Worker-52: Launching StudentDetailsTest] INFO  o.e.m.c.i.embedder.EclipseLogger - Copying 0 resource
2024-03-11 15:16:16,871 [Worker-52: Launching StudentDetailsTest] WARN  o.e.m.c.i.embedder.EclipseLogger - Using platform encoding (Cp1252 actually) to copy filtered resources, i.e. build is platform dependent!
2024-03-11 15:16:16,874 [Worker-52: Launching StudentDetailsTest] INFO  o.e.m.c.i.embedder.EclipseLogger - Copying 0 resource
2024-03-11 15:16:46,880 [Worker-55: Launching StudentDetailsTest] WARN  o.e.m.c.i.embedder.EclipseLogger - Using platform encoding (Cp1252 actually) to copy filtered resources, i.e. build is platform dependent!
2024-03-11 15:16:46,883 [Worker-55: Launching StudentDetailsTest] INFO  o.e.m.c.i.embedder.EclipseLogger - Copying 0 resource
2024-03-11 15:16:46,884 [Worker-55: Launching StudentDetailsTest] WARN  o.e.m.c.i.embedder.EclipseLogger - Using platform encoding (Cp1252 actually) to copy filtered resources, i.e. build is platform dependent!
2024-03-11 15:16:46,887 [Worker-55: Launching StudentDetailsTest] INFO  o.e.m.c.i.embedder.EclipseLogger - Copying 0 resource
2024-03-11 15:18:56,676 [Worker-58: Launching StudentDetailsTest] WARN  o.e.m.c.i.embedder.EclipseLogger - Using platform encoding (Cp1252 actually) to copy filtered resources, i.e. build is platform dependent!
2024-03-11 15:18:56,679 [Worker-58: Launching StudentDetailsTest] INFO  o.e.m.c.i.embedder.EclipseLogger - Copying 0 resource
2024-03-11 15:18:56,681 [Worker-58: Launching StudentDetailsTest] WARN  o.e.m.c.i.embedder.EclipseLogger - Using platform encoding (Cp1252 actually) to copy filtered resources, i.e. build is platform dependent!
2024-03-11 15:18:56,684 [Worker-58: Launching StudentDetailsTest] INFO  o.e.m.c.i.embedder.EclipseLogger - Copying 0 resource
2024-03-11 15:49:11,107 [Worker-55: Creating project "MockitoDemos"] INFO  o.e.m.c.i.l.LifecycleMappingFactory - Using org.eclipse.m2e.jdt.JarLifecycleMapping lifecycle mapping for MavenProject: com.voya.dist:MockitoDemos:0.0.1-SNAPSHOT @ C:\Users\m.sandhya\training\javademos\MockitoDemos\pom.xml.
2024-03-11 15:49:11,469 [Worker-55: Creating project "MockitoDemos"] INFO  o.e.m.j.i.AbstractJavaProjectConfigurator - Adding source folder /MockitoDemos/src/main/java
2024-03-11 15:49:11,469 [Worker-55: Creating project "MockitoDemos"] INFO  o.e.m.j.i.AbstractJavaProjectConfigurator - Adding resource folder /MockitoDemos/src/main/resources
2024-03-11 15:49:11,470 [Worker-55: Creating project "MockitoDemos"] INFO  o.e.m.j.i.AbstractJavaProjectConfigurator - Adding source folder /MockitoDemos/src/test/java
2024-03-11 15:49:11,470 [Worker-55: Creating project "MockitoDemos"] INFO  o.e.m.j.i.AbstractJavaProjectConfigurator - Adding resource folder /MockitoDemos/src/test/resources
2024-03-11 15:49:12,027 [Worker-59: Building] WARN  o.e.m.c.i.embedder.EclipseLogger - Using platform encoding (Cp1252 actually) to copy filtered resources, i.e. build is platform dependent!
2024-03-11 15:49:12,030 [Worker-59: Building] INFO  o.e.m.c.i.embedder.EclipseLogger - Copying 0 resource
2024-03-11 15:49:12,031 [Worker-59: Building] WARN  o.e.m.c.i.embedder.EclipseLogger - Using platform encoding (Cp1252 actually) to copy filtered resources, i.e. build is platform dependent!
2024-03-11 15:49:12,034 [Worker-59: Building] INFO  o.e.m.c.i.embedder.EclipseLogger - Copying 0 resource
2024-03-11 15:55:59,818 [Worker-43: Building] WARN  o.e.m.c.i.embedder.EclipseLogger - Using platform encoding (Cp1252 actually) to copy filtered resources, i.e. build is platform dependent!
2024-03-11 15:55:59,821 [Worker-43: Building] INFO  o.e.m.c.i.embedder.EclipseLogger - Copying 0 resource
2024-03-11 15:55:59,822 [Worker-43: Building] WARN  o.e.m.c.i.embedder.EclipseLogger - Using platform encoding (Cp1252 actually) to copy filtered resources, i.e. build is platform dependent!
2024-03-11 15:55:59,824 [Worker-43: Building] INFO  o.e.m.c.i.embedder.EclipseLogger - Copying 0 resource
2024-03-11 15:57:37,427 [Worker-55: Building] WARN  o.e.m.c.i.embedder.EclipseLogger - Using platform encoding (Cp1252 actually) to copy filtered resources, i.e. build is platform dependent!
2024-03-11 15:57:37,432 [Worker-55: Building] INFO  o.e.m.c.i.embedder.EclipseLogger - Copying 0 resource
2024-03-11 15:57:37,432 [Worker-55: Building] WARN  o.e.m.c.i.embedder.EclipseLogger - Using platform encoding (Cp1252 actually) to copy filtered resources, i.e. build is platform dependent!
2024-03-11 15:57:37,435 [Worker-55: Building] INFO  o.e.m.c.i.embedder.EclipseLogger - Copying 0 resource
2024-03-11 15:57:53,430 [Worker-55: Building] WARN  o.e.m.c.i.embedder.EclipseLogger - Using platform encoding (Cp1252 actually) to copy filtered resources, i.e. build is platform dependent!
2024-03-11 15:57:53,434 [Worker-55: Building] INFO  o.e.m.c.i.embedder.EclipseLogger - Copying 0 resource
2024-03-11 15:57:53,435 [Worker-55: Building] WARN  o.e.m.c.i.embedder.EclipseLogger - Using platform encoding (Cp1252 actually) to copy filtered resources, i.e. build is platform dependent!
2024-03-11 15:57:53,438 [Worker-55: Building] INFO  o.e.m.c.i.embedder.EclipseLogger - Copying 0 resource
2024-03-11 16:22:27,318 [Worker-64: Building] WARN  o.e.m.c.i.embedder.EclipseLogger - Using platform encoding (Cp1252 actually) to copy filtered resources, i.e. build is platform dependent!
2024-03-11 16:22:27,322 [Worker-64: Building] INFO  o.e.m.c.i.embedder.EclipseLogger - Copying 0 resource
2024-03-11 16:22:27,322 [Worker-64: Building] WARN  o.e.m.c.i.embedder.EclipseLogger - Using platform encoding (Cp1252 actually) to copy filtered resources, i.e. build is platform dependent!
2024-03-11 16:22:27,325 [Worker-64: Building] INFO  o.e.m.c.i.embedder.EclipseLogger - Copying 0 resource
2024-03-11 16:22:48,112 [Worker-60: Building] WARN  o.e.m.c.i.embedder.EclipseLogger - Using platform encoding (Cp1252 actually) to copy filtered resources, i.e. build is platform dependent!
2024-03-11 16:22:48,115 [Worker-60: Building] INFO  o.e.m.c.i.embedder.EclipseLogger - Copying 0 resource
2024-03-11 16:22:48,115 [Worker-60: Building] WARN  o.e.m.c.i.embedder.EclipseLogger - Using platform encoding (Cp1252 actually) to copy filtered resources, i.e. build is platform dependent!
2024-03-11 16:22:48,118 [Worker-60: Building] INFO  o.e.m.c.i.embedder.EclipseLogger - Copying 0 resource
2024-03-11 16:23:25,473 [Worker-63: Building] WARN  o.e.m.c.i.embedder.EclipseLogger - Using platform encoding (Cp1252 actually) to copy filtered resources, i.e. build is platform dependent!
2024-03-11 16:23:25,476 [Worker-63: Building] INFO  o.e.m.c.i.embedder.EclipseLogger - Copying 0 resource
2024-03-11 16:23:25,477 [Worker-63: Building] WARN  o.e.m.c.i.embedder.EclipseLogger - Using platform encoding (Cp1252 actually) to copy filtered resources, i.e. build is platform dependent!
2024-03-11 16:23:25,479 [Worker-63: Building] INFO  o.e.m.c.i.embedder.EclipseLogger - Copying 0 resource
2024-03-11 16:45:08,471 [Worker-60: Building] WARN  o.e.m.c.i.embedder.EclipseLogger - Using platform encoding (Cp1252 actually) to copy filtered resources, i.e. build is platform dependent!
2024-03-11 16:45:08,475 [Worker-60: Building] INFO  o.e.m.c.i.embedder.EclipseLogger - Copying 0 resource
2024-03-11 16:45:08,476 [Worker-60: Building] WARN  o.e.m.c.i.embedder.EclipseLogger - Using platform encoding (Cp1252 actually) to copy filtered resources, i.e. build is platform dependent!
2024-03-11 16:45:08,479 [Worker-60: Building] INFO  o.e.m.c.i.embedder.EclipseLogger - Copying 0 resource
2024-03-11 17:19:41,797 [Worker-67: Building] WARN  o.e.m.c.i.embedder.EclipseLogger - Using platform encoding (Cp1252 actually) to copy filtered resources, i.e. build is platform dependent!
2024-03-11 17:19:41,802 [Worker-67: Building] INFO  o.e.m.c.i.embedder.EclipseLogger - Copying 0 resource
2024-03-11 17:19:41,803 [Worker-67: Building] WARN  o.e.m.c.i.embedder.EclipseLogger - Using platform encoding (Cp1252 actually) to copy filtered resources, i.e. build is platform dependent!
2024-03-11 17:19:41,807 [Worker-67: Building] INFO  o.e.m.c.i.embedder.EclipseLogger - Copying 0 resource
2024-03-11 17:29:01,439 [Worker-68: Updating Maven Project] INFO  o.e.m.c.i.p.ProjectConfigurationManager - Update started
2024-03-11 17:29:01,974 [Worker-68: Updating Maven Project] INFO  o.e.m.c.i.l.LifecycleMappingFactory - Using org.eclipse.m2e.jdt.JarLifecycleMapping lifecycle mapping for MavenProject: com.voya.dist:MavenProject:0.0.1-SNAPSHOT @ C:\Users\m.sandhya\training\javademos\MavenProject\pom.xml.
2024-03-11 17:29:02,011 [Worker-68: Updating Maven Project] INFO  o.e.m.c.i.l.LifecycleMappingFactory - Using org.eclipse.m2e.jdt.JarLifecycleMapping lifecycle mapping for MavenProject: com.voya.dist:MockitoDemos:0.0.1-SNAPSHOT @ C:\Users\m.sandhya\training\javademos\MockitoDemos\pom.xml.
2024-03-11 17:29:02,048 [Worker-68: Updating Maven Project] INFO  o.e.m.c.i.l.LifecycleMappingFactory - Using org.eclipse.m2e.jdt.JarLifecycleMapping lifecycle mapping for MavenProject: com.voya.dist:JUnitDemos:0.0.1-SNAPSHOT @ C:\Users\m.sandhya\training\javademos\JUnitDemos\pom.xml.
2024-03-11 17:29:03,333 [Worker-68: Updating Maven Project] INFO  o.e.m.j.i.AbstractJavaProjectConfigurator - Adding source folder /JUnitDemos/src/main/java
2024-03-11 17:29:03,333 [Worker-68: Updating Maven Project] INFO  o.e.m.j.i.AbstractJavaProjectConfigurator - Adding resource folder /JUnitDemos/src/main/resources
2024-03-11 17:29:03,334 [Worker-68: Updating Maven Project] INFO  o.e.m.j.i.AbstractJavaProjectConfigurator - Adding source folder /JUnitDemos/src/test/java
2024-03-11 17:29:03,334 [Worker-68: Updating Maven Project] INFO  o.e.m.j.i.AbstractJavaProjectConfigurator - Adding resource folder /JUnitDemos/src/test/resources
2024-03-11 17:29:03,421 [Worker-68: Updating Maven Project] INFO  o.e.m.j.i.AbstractJavaProjectConfigurator - Adding source folder /MavenProject/src/main/java
2024-03-11 17:29:03,421 [Worker-68: Updating Maven Project] INFO  o.e.m.j.i.AbstractJavaProjectConfigurator - Adding resource folder /MavenProject/src/main/resources
2024-03-11 17:29:03,421 [Worker-68: Updating Maven Project] INFO  o.e.m.j.i.AbstractJavaProjectConfigurator - Adding source folder /MavenProject/src/test/java
2024-03-11 17:29:03,422 [Worker-68: Updating Maven Project] INFO  o.e.m.j.i.AbstractJavaProjectConfigurator - Adding resource folder /MavenProject/src/test/resources
2024-03-11 17:29:03,477 [Worker-68: Updating Maven Project] INFO  o.e.m.j.i.AbstractJavaProjectConfigurator - Adding source folder /MockitoDemos/src/main/java
2024-03-11 17:29:03,477 [Worker-68: Updating Maven Project] INFO  o.e.m.j.i.AbstractJavaProjectConfigurator - Adding resource folder /MockitoDemos/src/main/resources
2024-03-11 17:29:03,478 [Worker-68: Updating Maven Project] INFO  o.e.m.j.i.AbstractJavaProjectConfigurator - Adding source folder /MockitoDemos/src/test/java
2024-03-11 17:29:03,478 [Worker-68: Updating Maven Project] INFO  o.e.m.j.i.AbstractJavaProjectConfigurator - Adding resource folder /MockitoDemos/src/test/resources
2024-03-11 17:29:03,617 [Worker-68: Updating Maven Project] INFO  o.e.m.c.i.p.ProjectConfigurationManager - Update completed: 2 sec
2024-03-11 17:29:03,816 [Worker-71: Building] WARN  o.e.m.c.i.embedder.EclipseLogger - Using platform encoding (Cp1252 actually) to copy filtered resources, i.e. build is platform dependent!
2024-03-11 17:29:03,819 [Worker-71: Building] INFO  o.e.m.c.i.embedder.EclipseLogger - Copying 0 resource
2024-03-11 17:29:03,820 [Worker-71: Building] WARN  o.e.m.c.i.embedder.EclipseLogger - Using platform encoding (Cp1252 actually) to copy filtered resources, i.e. build is platform dependent!
2024-03-11 17:29:03,822 [Worker-71: Building] INFO  o.e.m.c.i.embedder.EclipseLogger - Copying 0 resource
2024-03-11 17:29:04,000 [Worker-71: Building] WARN  o.e.m.c.i.embedder.EclipseLogger - Using platform encoding (Cp1252 actually) to copy filtered resources, i.e. build is platform dependent!
2024-03-11 17:29:04,003 [Worker-71: Building] INFO  o.e.m.c.i.embedder.EclipseLogger - Copying 0 resource
2024-03-11 17:29:04,003 [Worker-71: Building] WARN  o.e.m.c.i.embedder.EclipseLogger - Using platform encoding (Cp1252 actually) to copy filtered resources, i.e. build is platform dependent!
2024-03-11 17:29:04,006 [Worker-71: Building] INFO  o.e.m.c.i.embedder.EclipseLogger - Copying 0 resource
2024-03-11 17:29:04,064 [Worker-71: Building] WARN  o.e.m.c.i.embedder.EclipseLogger - Using platform encoding (Cp1252 actually) to copy filtered resources, i.e. build is platform dependent!
2024-03-11 17:29:04,066 [Worker-71: Building] INFO  o.e.m.c.i.embedder.EclipseLogger - Copying 0 resource
2024-03-11 17:29:04,067 [Worker-71: Building] WARN  o.e.m.c.i.embedder.EclipseLogger - Using platform encoding (Cp1252 actually) to copy filtered resources, i.e. build is platform dependent!
2024-03-11 17:29:04,069 [Worker-71: Building] INFO  o.e.m.c.i.embedder.EclipseLogger - Copying 0 resource
2024-03-11 17:29:15,784 [Worker-72: Building] WARN  o.e.m.c.i.embedder.EclipseLogger - Using platform encoding (Cp1252 actually) to copy filtered resources, i.e. build is platform dependent!
2024-03-11 17:29:15,787 [Worker-72: Building] INFO  o.e.m.c.i.embedder.EclipseLogger - Copying 0 resource
2024-03-11 17:29:15,787 [Worker-72: Building] WARN  o.e.m.c.i.embedder.EclipseLogger - Using platform encoding (Cp1252 actually) to copy filtered resources, i.e. build is platform dependent!
2024-03-11 17:29:15,790 [Worker-72: Building] INFO  o.e.m.c.i.embedder.EclipseLogger - Copying 0 resource
2024-03-11 17:29:19,218 [Worker-71: Building] INFO  o.e.m.c.i.l.LifecycleMappingFactory - Using org.eclipse.m2e.jdt.JarLifecycleMapping lifecycle mapping for MavenProject: com.voya.dist:MockitoDemos:0.0.1-SNAPSHOT @ C:\Users\m.sandhya\training\javademos\MockitoDemos\pom.xml.
2024-03-11 17:29:19,896 [Worker-60: Building] WARN  o.e.m.c.i.embedder.EclipseLogger - Using platform encoding (Cp1252 actually) to copy filtered resources, i.e. build is platform dependent!
2024-03-11 17:29:19,899 [Worker-60: Building] INFO  o.e.m.c.i.embedder.EclipseLogger - Copying 0 resource
2024-03-11 17:29:19,899 [Worker-60: Building] WARN  o.e.m.c.i.embedder.EclipseLogger - Using platform encoding (Cp1252 actually) to copy filtered resources, i.e. build is platform dependent!
2024-03-11 17:29:19,902 [Worker-60: Building] INFO  o.e.m.c.i.embedder.EclipseLogger - Copying 0 resource
2024-03-11 17:29:21,041 [Worker-68: Download sources and javadoc] INFO  o.e.m.c.i.e.AbstractTransferListenerAdapter - Downloading https://repo.maven.apache.org/maven2/org/mockito/mockito-core/5.11.0/mockito-core-5.11.0-sources.jar
2024-03-11 17:29:21,142 [Worker-68: Download sources and javadoc] INFO  o.e.m.c.i.e.AbstractTransferListenerAdapter - Downloaded https://repo.maven.apache.org/maven2/org/mockito/mockito-core/5.11.0/mockito-core-5.11.0-sources.jar
2024-03-11 17:29:21,716 [Worker-68: Download sources and javadoc] INFO  o.e.m.j.internal.DownloadSourcesJob - Downloaded sources for org.mockito:mockito-core:5.11.0
2024-03-11 17:29:21,862 [Worker-68: Download sources and javadoc] INFO  o.e.m.c.i.e.AbstractTransferListenerAdapter - Downloading https://repo.maven.apache.org/maven2/net/bytebuddy/byte-buddy/1.14.12/byte-buddy-1.14.12-sources.jar
2024-03-11 17:29:22,036 [Worker-68: Download sources and javadoc] INFO  o.e.m.c.i.e.AbstractTransferListenerAdapter - Downloaded https://repo.maven.apache.org/maven2/net/bytebuddy/byte-buddy/1.14.12/byte-buddy-1.14.12-sources.jar
2024-03-11 17:29:22,424 [Worker-68: Download sources and javadoc] INFO  o.e.m.j.internal.DownloadSourcesJob - Downloaded sources for net.bytebuddy:byte-buddy:1.14.12
2024-03-11 17:29:22,541 [Worker-68: Download sources and javadoc] INFO  o.e.m.c.i.e.AbstractTransferListenerAdapter - Downloading https://repo.maven.apache.org/maven2/net/bytebuddy/byte-buddy-agent/1.14.12/byte-buddy-agent-1.14.12-sources.jar
2024-03-11 17:29:22,627 [Worker-68: Download sources and javadoc] INFO  o.e.m.c.i.e.AbstractTransferListenerAdapter - Downloaded https://repo.maven.apache.org/maven2/net/bytebuddy/byte-buddy-agent/1.14.12/byte-buddy-agent-1.14.12-sources.jar
2024-03-11 17:29:22,839 [Worker-68: Download sources and javadoc] INFO  o.e.m.j.internal.DownloadSourcesJob - Downloaded sources for net.bytebuddy:byte-buddy-agent:1.14.12
2024-03-11 17:29:22,953 [Worker-68: Download sources and javadoc] INFO  o.e.m.c.i.e.AbstractTransferListenerAdapter - Downloading https://repo.maven.apache.org/maven2/org/objenesis/objenesis/3.3/objenesis-3.3-sources.jar
2024-03-11 17:29:23,025 [Worker-68: Download sources and javadoc] INFO  o.e.m.c.i.e.AbstractTransferListenerAdapter - Downloaded https://repo.maven.apache.org/maven2/org/objenesis/objenesis/3.3/objenesis-3.3-sources.jar
2024-03-11 17:29:23,307 [Worker-68: Download sources and javadoc] INFO  o.e.m.j.internal.DownloadSourcesJob - Downloaded sources for org.objenesis:objenesis:3.3
2024-03-11 17:29:23,423 [Worker-68: Download sources and javadoc] INFO  o.e.m.c.i.e.AbstractTransferListenerAdapter - Downloading https://repo.maven.apache.org/maven2/org/mockito/mockito-junit-jupiter/5.11.0/mockito-junit-jupiter-5.11.0-sources.jar
2024-03-11 17:29:23,461 [Worker-68: Download sources and javadoc] INFO  o.e.m.c.i.e.AbstractTransferListenerAdapter - Downloaded https://repo.maven.apache.org/maven2/org/mockito/mockito-junit-jupiter/5.11.0/mockito-junit-jupiter-5.11.0-sources.jar
2024-03-11 17:29:23,970 [Worker-68: Download sources and javadoc] INFO  o.e.m.j.internal.DownloadSourcesJob - Downloaded sources for org.mockito:mockito-junit-jupiter:5.11.0
2024-03-11 17:29:24,250 [Worker-67: Building] WARN  o.e.m.c.i.embedder.EclipseLogger - Using platform encoding (Cp1252 actually) to copy filtered resources, i.e. build is platform dependent!
2024-03-11 17:29:24,253 [Worker-67: Building] INFO  o.e.m.c.i.embedder.EclipseLogger - Copying 0 resource
2024-03-11 17:29:24,254 [Worker-67: Building] WARN  o.e.m.c.i.embedder.EclipseLogger - Using platform encoding (Cp1252 actually) to copy filtered resources, i.e. build is platform dependent!
2024-03-11 17:29:24,257 [Worker-67: Building] INFO  o.e.m.c.i.embedder.EclipseLogger - Copying 0 resource
2024-03-11 17:29:27,969 [Worker-60: Updating Maven Project] INFO  o.e.m.c.i.p.ProjectConfigurationManager - Update started
2024-03-11 17:29:28,236 [Worker-60: Updating Maven Project] INFO  o.e.m.c.i.l.LifecycleMappingFactory - Using org.eclipse.m2e.jdt.JarLifecycleMapping lifecycle mapping for MavenProject: com.voya.dist:MavenProject:0.0.1-SNAPSHOT @ C:\Users\m.sandhya\training\javademos\MavenProject\pom.xml.
2024-03-11 17:29:28,272 [Worker-60: Updating Maven Project] INFO  o.e.m.c.i.l.LifecycleMappingFactory - Using org.eclipse.m2e.jdt.JarLifecycleMapping lifecycle mapping for MavenProject: com.voya.dist:MockitoDemos:0.0.1-SNAPSHOT @ C:\Users\m.sandhya\training\javademos\MockitoDemos\pom.xml.
2024-03-11 17:29:28,345 [Worker-60: Updating Maven Project] INFO  o.e.m.c.i.l.LifecycleMappingFactory - Using org.eclipse.m2e.jdt.JarLifecycleMapping lifecycle mapping for MavenProject: com.voya.dist:JUnitDemos:0.0.1-SNAPSHOT @ C:\Users\m.sandhya\training\javademos\JUnitDemos\pom.xml.
2024-03-11 17:29:29,039 [Worker-60: Updating Maven Project] INFO  o.e.m.j.i.AbstractJavaProjectConfigurator - Adding source folder /MockitoDemos/src/main/java
2024-03-11 17:29:29,040 [Worker-60: Updating Maven Project] INFO  o.e.m.j.i.AbstractJavaProjectConfigurator - Adding resource folder /MockitoDemos/src/main/resources
2024-03-11 17:29:29,040 [Worker-60: Updating Maven Project] INFO  o.e.m.j.i.AbstractJavaProjectConfigurator - Adding source folder /MockitoDemos/src/test/java
2024-03-11 17:29:29,040 [Worker-60: Updating Maven Project] INFO  o.e.m.j.i.AbstractJavaProjectConfigurator - Adding resource folder /MockitoDemos/src/test/resources
2024-03-11 17:29:29,253 [Worker-60: Updating Maven Project] INFO  o.e.m.c.i.p.ProjectConfigurationManager - Update completed: 1 sec
2024-03-11 17:29:29,396 [Worker-70: Building] WARN  o.e.m.c.i.embedder.EclipseLogger - Using platform encoding (Cp1252 actually) to copy filtered resources, i.e. build is platform dependent!
2024-03-11 17:29:29,399 [Worker-70: Building] INFO  o.e.m.c.i.embedder.EclipseLogger - Copying 0 resource
2024-03-11 17:29:29,400 [Worker-70: Building] WARN  o.e.m.c.i.embedder.EclipseLogger - Using platform encoding (Cp1252 actually) to copy filtered resources, i.e. build is platform dependent!
2024-03-11 17:29:29,403 [Worker-70: Building] INFO  o.e.m.c.i.embedder.EclipseLogger - Copying 0 resource
2024-03-11 17:29:29,408 [Worker-70: Building] WARN  o.e.m.c.i.embedder.EclipseLogger - Using platform encoding (Cp1252 actually) to copy filtered resources, i.e. build is platform dependent!
2024-03-11 17:29:29,411 [Worker-70: Building] INFO  o.e.m.c.i.embedder.EclipseLogger - Copying 0 resource
2024-03-11 17:29:29,412 [Worker-70: Building] WARN  o.e.m.c.i.embedder.EclipseLogger - Using platform encoding (Cp1252 actually) to copy filtered resources, i.e. build is platform dependent!
2024-03-11 17:29:29,414 [Worker-70: Building] INFO  o.e.m.c.i.embedder.EclipseLogger - Copying 0 resource
2024-03-11 17:29:29,506 [Worker-70: Building] WARN  o.e.m.c.i.embedder.EclipseLogger - Using platform encoding (Cp1252 actually) to copy filtered resources, i.e. build is platform dependent!
2024-03-11 17:29:29,508 [Worker-70: Building] INFO  o.e.m.c.i.embedder.EclipseLogger - Copying 0 resource
2024-03-11 17:29:29,509 [Worker-70: Building] WARN  o.e.m.c.i.embedder.EclipseLogger - Using platform encoding (Cp1252 actually) to copy filtered resources, i.e. build is platform dependent!
2024-03-11 17:29:29,512 [Worker-70: Building] INFO  o.e.m.c.i.embedder.EclipseLogger - Copying 0 resource
2024-03-11 17:40:49,432 [Worker-71: Launching BookOrderDetailsTest] WARN  o.e.m.c.i.embedder.EclipseLogger - Using platform encoding (Cp1252 actually) to copy filtered resources, i.e. build is platform dependent!
2024-03-11 17:40:49,436 [Worker-71: Launching BookOrderDetailsTest] INFO  o.e.m.c.i.embedder.EclipseLogger - Copying 0 resource
2024-03-11 17:40:49,437 [Worker-71: Launching BookOrderDetailsTest] WARN  o.e.m.c.i.embedder.EclipseLogger - Using platform encoding (Cp1252 actually) to copy filtered resources, i.e. build is platform dependent!
2024-03-11 17:40:49,440 [Worker-71: Launching BookOrderDetailsTest] INFO  o.e.m.c.i.embedder.EclipseLogger - Copying 0 resource
2024-03-11 18:01:49,242 [Worker-67: Launching BookOrderDetailsTest] WARN  o.e.m.c.i.embedder.EclipseLogger - Using platform encoding (Cp1252 actually) to copy filtered resources, i.e. build is platform dependent!
2024-03-11 18:01:49,245 [Worker-67: Launching BookOrderDetailsTest] INFO  o.e.m.c.i.embedder.EclipseLogger - Copying 0 resource
2024-03-11 18:01:49,246 [Worker-67: Launching BookOrderDetailsTest] WARN  o.e.m.c.i.embedder.EclipseLogger - Using platform encoding (Cp1252 actually) to copy filtered resources, i.e. build is platform dependent!
2024-03-11 18:01:49,249 [Worker-67: Launching BookOrderDetailsTest] INFO  o.e.m.c.i.embedder.EclipseLogger - Copying 0 resource
2024-03-11 18:08:18,728 [Worker-78: Building] WARN  o.e.m.c.i.embedder.EclipseLogger - Using platform encoding (Cp1252 actually) to copy filtered resources, i.e. build is platform dependent!
2024-03-11 18:08:18,732 [Worker-78: Building] INFO  o.e.m.c.i.embedder.EclipseLogger - Copying 0 resource
2024-03-11 18:08:18,733 [Worker-78: Building] WARN  o.e.m.c.i.embedder.EclipseLogger - Using platform encoding (Cp1252 actually) to copy filtered resources, i.e. build is platform dependent!
2024-03-11 18:08:18,736 [Worker-78: Building] INFO  o.e.m.c.i.embedder.EclipseLogger - Copying 0 resource
2024-03-11 18:11:55,516 [Worker-74: Launching BookOrderDetailsTest] WARN  o.e.m.c.i.embedder.EclipseLogger - Using platform encoding (Cp1252 actually) to copy filtered resources, i.e. build is platform dependent!
2024-03-11 18:11:55,520 [Worker-74: Launching BookOrderDetailsTest] INFO  o.e.m.c.i.embedder.EclipseLogger - Copying 0 resource
2024-03-11 18:11:55,520 [Worker-74: Launching BookOrderDetailsTest] WARN  o.e.m.c.i.embedder.EclipseLogger - Using platform encoding (Cp1252 actually) to copy filtered resources, i.e. build is platform dependent!
2024-03-11 18:11:55,523 [Worker-74: Launching BookOrderDetailsTest] INFO  o.e.m.c.i.embedder.EclipseLogger - Copying 0 resource
2024-03-13 10:43:21,090 [Worker-2: Loading available Gradle versions] INFO  o.e.b.c.i.u.g.PublishedGradleVersions - Gradle version information cache is out-of-date. Trying to update.
2024-03-13 10:43:24,498 [Worker-2: Loading available Gradle versions] INFO  o.e.b.c.i.u.g.PublishedGradleVersions - Updating Gradle version information cache failed. Using outdated cache.
2024-03-13 10:44:25,264 [Worker-0: Loading available Gradle versions] INFO  o.e.b.c.i.u.g.PublishedGradleVersions - Gradle version information cache is out-of-date. Trying to update.
2024-03-13 10:44:26,028 [Worker-0: Loading available Gradle versions] INFO  o.e.b.c.i.u.g.PublishedGradleVersions - Updating Gradle version information cache failed. Using outdated cache.
